<?xml version="1.0" encoding="UTF-8"?>
<coverage generated="1602840715923" clover="3.2.0">
  <project timestamp="1602840715924" name="All files">
    <metrics statements="351" coveredstatements="1" conditionals="200" coveredconditionals="0" methods="93" coveredmethods="1" elements="644" coveredelements="2" complexity="0" loc="351" ncloc="351" packages="11" files="35" classes="35">
      <package name="system">
        <metrics statements="11" coveredstatements="0" conditionals="0" coveredconditionals="0" methods="0" coveredmethods="0"/>
        <file name="index.js" path="/Users/marine/Documents/MAKESENSE/makesense_design-system/src/system/index.js">
          <metrics statements="11" coveredstatements="0" conditionals="0" coveredconditionals="0" methods="0" coveredmethods="0"/>
          <line num="1" count="0" type="stmt"/>
          <line num="2" count="0" type="stmt"/>
          <line num="3" count="0" type="stmt"/>
          <line num="4" count="0" type="stmt"/>
          <line num="5" count="0" type="stmt"/>
          <line num="6" count="0" type="stmt"/>
          <line num="10" count="0" type="stmt"/>
          <line num="11" count="0" type="stmt"/>
          <line num="13" count="0" type="stmt"/>
          <line num="14" count="0" type="stmt"/>
          <line num="15" count="0" type="stmt"/>
        </file>
      </package>
      <package name="system.components">
        <metrics statements="26" coveredstatements="0" conditionals="16" coveredconditionals="0" methods="5" coveredmethods="0"/>
        <file name="index.js" path="/Users/marine/Documents/MAKESENSE/makesense_design-system/src/system/components/index.js">
          <metrics statements="26" coveredstatements="0" conditionals="16" coveredconditionals="0" methods="5" coveredmethods="0"/>
          <line num="2" count="0" type="stmt"/>
          <line num="4" count="0" type="stmt"/>
          <line num="10" count="0" type="stmt"/>
          <line num="11" count="0" type="stmt"/>
          <line num="12" count="0" type="stmt"/>
          <line num="14" count="0" type="stmt"/>
          <line num="15" count="0" type="stmt"/>
          <line num="16" count="0" type="stmt"/>
          <line num="18" count="0" type="cond" truecount="0" falsecount="2"/>
          <line num="19" count="0" type="stmt"/>
          <line num="23" count="0" type="cond" truecount="0" falsecount="2"/>
          <line num="26" count="0" type="cond" truecount="0" falsecount="2"/>
          <line num="27" count="0" type="cond" truecount="0" falsecount="2"/>
          <line num="28" count="0" type="stmt"/>
          <line num="36" count="0" type="stmt"/>
          <line num="37" count="0" type="stmt"/>
          <line num="40" count="0" type="cond" truecount="0" falsecount="2"/>
          <line num="41" count="0" type="stmt"/>
          <line num="45" count="0" type="stmt"/>
          <line num="46" count="0" type="stmt"/>
          <line num="47" count="0" type="cond" truecount="0" falsecount="4"/>
          <line num="48" count="0" type="stmt"/>
          <line num="50" count="0" type="cond" truecount="0" falsecount="2"/>
          <line num="51" count="0" type="stmt"/>
          <line num="53" count="0" type="stmt"/>
          <line num="60" count="0" type="stmt"/>
        </file>
      </package>
      <package name="system.components.atoms">
        <metrics statements="77" coveredstatements="0" conditionals="52" coveredconditionals="0" methods="28" coveredmethods="0"/>
        <file name="Avatar.vue" path="/Users/marine/Documents/MAKESENSE/makesense_design-system/src/system/components/atoms/Avatar.vue">
          <metrics statements="1" coveredstatements="0" conditionals="0" coveredconditionals="0" methods="1" coveredmethods="0"/>
          <line num="27" count="0" type="stmt"/>
        </file>
        <file name="Button.vue" path="/Users/marine/Documents/MAKESENSE/makesense_design-system/src/system/components/atoms/Button.vue">
          <metrics statements="13" coveredstatements="0" conditionals="0" coveredconditionals="0" methods="7" coveredmethods="0"/>
          <line num="45" count="0" type="stmt"/>
          <line num="83" count="0" type="stmt"/>
          <line num="105" count="0" type="stmt"/>
          <line num="112" count="0" type="stmt"/>
          <line num="118" count="0" type="stmt"/>
          <line num="120" count="0" type="stmt"/>
          <line num="121" count="0" type="stmt"/>
          <line num="124" count="0" type="stmt"/>
          <line num="133" count="0" type="stmt"/>
          <line num="142" count="0" type="stmt"/>
          <line num="145" count="0" type="stmt"/>
          <line num="146" count="0" type="stmt"/>
          <line num="147" count="0" type="stmt"/>
        </file>
        <file name="DateNumber.vue" path="/Users/marine/Documents/MAKESENSE/makesense_design-system/src/system/components/atoms/DateNumber.vue">
          <metrics statements="1" coveredstatements="0" conditionals="0" coveredconditionals="0" methods="1" coveredmethods="0"/>
          <line num="32" count="0" type="stmt"/>
        </file>
        <file name="FieldError.vue" path="/Users/marine/Documents/MAKESENSE/makesense_design-system/src/system/components/atoms/FieldError.vue">
          <metrics statements="3" coveredstatements="0" conditionals="4" coveredconditionals="0" methods="1" coveredmethods="0"/>
          <line num="20" count="0" type="cond" truecount="0" falsecount="2"/>
          <line num="21" count="0" type="cond" truecount="0" falsecount="2"/>
          <line num="23" count="0" type="stmt"/>
        </file>
        <file name="FieldLabel.vue" path="/Users/marine/Documents/MAKESENSE/makesense_design-system/src/system/components/atoms/FieldLabel.vue">
          <metrics statements="1" coveredstatements="0" conditionals="0" coveredconditionals="0" methods="1" coveredmethods="0"/>
          <line num="48" count="0" type="stmt"/>
        </file>
        <file name="Heading.vue" path="/Users/marine/Documents/MAKESENSE/makesense_design-system/src/system/components/atoms/Heading.vue">
          <metrics statements="3" coveredstatements="0" conditionals="0" coveredconditionals="0" methods="3" coveredmethods="0"/>
          <line num="30" count="0" type="stmt"/>
          <line num="41" count="0" type="stmt"/>
          <line num="53" count="0" type="stmt"/>
        </file>
        <file name="Icon.vue" path="/Users/marine/Documents/MAKESENSE/makesense_design-system/src/system/components/atoms/Icon.vue">
          <metrics statements="33" coveredstatements="0" conditionals="32" coveredconditionals="0" methods="2" coveredmethods="0"/>
          <line num="25" count="0" type="stmt"/>
          <line num="26" count="0" type="stmt"/>
          <line num="28" count="0" type="stmt"/>
          <line num="89" count="0" type="stmt"/>
          <line num="95" count="0" type="cond" truecount="0" falsecount="2"/>
          <line num="96" count="0" type="stmt"/>
          <line num="101" count="0" type="cond" truecount="0" falsecount="2"/>
          <line num="102" count="0" type="cond" truecount="0" falsecount="2"/>
          <line num="103" count="0" type="cond" truecount="0" falsecount="2"/>
          <line num="104" count="0" type="cond" truecount="0" falsecount="2"/>
          <line num="105" count="0" type="cond" truecount="0" falsecount="2"/>
          <line num="106" count="0" type="stmt"/>
          <line num="110" count="0" type="stmt"/>
          <line num="112" count="0" type="stmt"/>
          <line num="114" count="0" type="stmt"/>
          <line num="116" count="0" type="stmt"/>
          <line num="118" count="0" type="stmt"/>
          <line num="120" count="0" type="stmt"/>
          <line num="122" count="0" type="stmt"/>
          <line num="124" count="0" type="stmt"/>
          <line num="126" count="0" type="stmt"/>
          <line num="128" count="0" type="stmt"/>
          <line num="130" count="0" type="stmt"/>
          <line num="132" count="0" type="stmt"/>
          <line num="134" count="0" type="stmt"/>
          <line num="136" count="0" type="stmt"/>
          <line num="138" count="0" type="stmt"/>
          <line num="140" count="0" type="stmt"/>
          <line num="142" count="0" type="stmt"/>
          <line num="144" count="0" type="stmt"/>
          <line num="146" count="0" type="stmt"/>
          <line num="148" count="0" type="stmt"/>
          <line num="150" count="0" type="stmt"/>
        </file>
        <file name="Link.vue" path="/Users/marine/Documents/MAKESENSE/makesense_design-system/src/system/components/atoms/Link.vue">
          <metrics statements="5" coveredstatements="0" conditionals="8" coveredconditionals="0" methods="0" coveredmethods="0"/>
          <line num="34" count="0" type="cond" truecount="0" falsecount="6"/>
          <line num="40" count="0" type="stmt"/>
          <line num="42" count="0" type="cond" truecount="0" falsecount="2"/>
          <line num="43" count="0" type="stmt"/>
          <line num="45" count="0" type="stmt"/>
        </file>
        <file name="Loading.vue" path="/Users/marine/Documents/MAKESENSE/makesense_design-system/src/system/components/atoms/Loading.vue">
          <metrics statements="3" coveredstatements="0" conditionals="0" coveredconditionals="0" methods="2" coveredmethods="0"/>
          <line num="34" count="0" type="stmt"/>
          <line num="53" count="0" type="stmt"/>
          <line num="89" count="0" type="stmt"/>
        </file>
        <file name="Tab.vue" path="/Users/marine/Documents/MAKESENSE/makesense_design-system/src/system/components/atoms/Tab.vue">
          <metrics statements="1" coveredstatements="0" conditionals="0" coveredconditionals="0" methods="1" coveredmethods="0"/>
          <line num="36" count="0" type="stmt"/>
        </file>
        <file name="Tag.vue" path="/Users/marine/Documents/MAKESENSE/makesense_design-system/src/system/components/atoms/Tag.vue">
          <metrics statements="8" coveredstatements="0" conditionals="8" coveredconditionals="0" methods="4" coveredmethods="0"/>
          <line num="34" count="0" type="stmt"/>
          <line num="55" count="0" type="stmt"/>
          <line num="79" count="0" type="stmt"/>
          <line num="93" count="0" type="cond" truecount="0" falsecount="2"/>
          <line num="96" count="0" type="cond" truecount="0" falsecount="2"/>
          <line num="97" count="0" type="cond" truecount="0" falsecount="2"/>
          <line num="99" count="0" type="cond" truecount="0" falsecount="2"/>
          <line num="105" count="0" type="stmt"/>
        </file>
        <file name="Text.vue" path="/Users/marine/Documents/MAKESENSE/makesense_design-system/src/system/components/atoms/Text.vue">
          <metrics statements="5" coveredstatements="0" conditionals="0" coveredconditionals="0" methods="5" coveredmethods="0"/>
          <line num="43" count="0" type="stmt"/>
          <line num="66" count="0" type="stmt"/>
          <line num="74" count="0" type="stmt"/>
          <line num="82" count="0" type="stmt"/>
          <line num="102" count="0" type="stmt"/>
        </file>
      </package>
      <package name="system.components.atoms.alert">
        <metrics statements="1" coveredstatements="1" conditionals="0" coveredconditionals="0" methods="1" coveredmethods="1"/>
        <file name="Alert.vue" path="/Users/marine/Documents/MAKESENSE/makesense_design-system/src/system/components/atoms/alert/Alert.vue">
          <metrics statements="1" coveredstatements="1" conditionals="0" coveredconditionals="0" methods="1" coveredmethods="1"/>
          <line num="23" count="2" type="stmt"/>
        </file>
      </package>
      <package name="system.components.layouts">
        <metrics statements="1" coveredstatements="0" conditionals="0" coveredconditionals="0" methods="1" coveredmethods="0"/>
        <file name="HorizontalList.vue" path="/Users/marine/Documents/MAKESENSE/makesense_design-system/src/system/components/layouts/HorizontalList.vue">
          <metrics statements="1" coveredstatements="0" conditionals="0" coveredconditionals="0" methods="1" coveredmethods="0"/>
          <line num="26" count="0" type="stmt"/>
        </file>
      </package>
      <package name="system.components.molecules">
        <metrics statements="142" coveredstatements="0" conditionals="100" coveredconditionals="0" methods="46" coveredmethods="0"/>
        <file name="Card.vue" path="/Users/marine/Documents/MAKESENSE/makesense_design-system/src/system/components/molecules/Card.vue">
          <metrics statements="4" coveredstatements="0" conditionals="0" coveredconditionals="0" methods="3" coveredmethods="0"/>
          <line num="55" count="0" type="stmt"/>
          <line num="107" count="0" type="stmt"/>
          <line num="151" count="0" type="stmt"/>
          <line num="163" count="0" type="stmt"/>
        </file>
        <file name="EventLineCard.vue" path="/Users/marine/Documents/MAKESENSE/makesense_design-system/src/system/components/molecules/EventLineCard.vue">
          <metrics statements="5" coveredstatements="0" conditionals="4" coveredconditionals="0" methods="1" coveredmethods="0"/>
          <line num="108" count="0" type="stmt"/>
          <line num="113" count="0" type="stmt"/>
          <line num="116" count="0" type="cond" truecount="0" falsecount="2"/>
          <line num="119" count="0" type="cond" truecount="0" falsecount="2"/>
          <line num="122" count="0" type="stmt"/>
        </file>
        <file name="Field.vue" path="/Users/marine/Documents/MAKESENSE/makesense_design-system/src/system/components/molecules/Field.vue">
          <metrics statements="39" coveredstatements="0" conditionals="41" coveredconditionals="0" methods="17" coveredmethods="0"/>
          <line num="259" count="0" type="stmt"/>
          <line num="307" count="0" type="stmt"/>
          <line num="319" count="0" type="stmt"/>
          <line num="330" count="0" type="stmt"/>
          <line num="336" count="0" type="stmt"/>
          <line num="339" count="0" type="stmt"/>
          <line num="343" count="0" type="stmt"/>
          <line num="351" count="0" type="cond" truecount="0" falsecount="2"/>
          <line num="355" count="0" type="cond" truecount="0" falsecount="5"/>
          <line num="363" count="0" type="stmt"/>
          <line num="365" count="0" type="cond" truecount="0" falsecount="4"/>
          <line num="366" count="0" type="stmt"/>
          <line num="370" count="0" type="cond" truecount="0" falsecount="2"/>
          <line num="373" count="0" type="cond" truecount="0" falsecount="2"/>
          <line num="375" count="0" type="cond" truecount="0" falsecount="2"/>
          <line num="377" count="0" type="stmt"/>
          <line num="381" count="0" type="stmt"/>
          <line num="385" count="0" type="stmt"/>
          <line num="397" count="0" type="cond" truecount="0" falsecount="2"/>
          <line num="398" count="0" type="stmt"/>
          <line num="400" count="0" type="cond" truecount="0" falsecount="2"/>
          <line num="404" count="0" type="cond" truecount="0" falsecount="2"/>
          <line num="412" count="0" type="cond" truecount="0" falsecount="2"/>
          <line num="413" count="0" type="stmt"/>
          <line num="414" count="0" type="stmt"/>
          <line num="418" count="0" type="cond" truecount="0" falsecount="2"/>
          <line num="423" count="0" type="stmt"/>
          <line num="431" count="0" type="stmt"/>
          <line num="443" count="0" type="stmt"/>
          <line num="444" count="0" type="cond" truecount="0" falsecount="2"/>
          <line num="445" count="0" type="cond" truecount="0" falsecount="2"/>
          <line num="447" count="0" type="stmt"/>
          <line num="450" count="0" type="cond" truecount="0" falsecount="2"/>
          <line num="452" count="0" type="cond" truecount="0" falsecount="2"/>
          <line num="457" count="0" type="cond" truecount="0" falsecount="2"/>
          <line num="465" count="0" type="stmt"/>
          <line num="469" count="0" type="stmt"/>
          <line num="471" count="0" type="cond" truecount="0" falsecount="2"/>
          <line num="474" count="0" type="cond" truecount="0" falsecount="2"/>
        </file>
        <file name="FieldEditor.vue" path="/Users/marine/Documents/MAKESENSE/makesense_design-system/src/system/components/molecules/FieldEditor.vue">
          <metrics statements="6" coveredstatements="0" conditionals="5" coveredconditionals="0" methods="5" coveredmethods="0"/>
          <line num="44" count="0" type="stmt"/>
          <line num="50" count="0" type="stmt"/>
          <line num="53" count="0" type="cond" truecount="0" falsecount="5"/>
          <line num="63" count="0" type="stmt"/>
          <line num="68" count="0" type="stmt"/>
          <line num="71" count="0" type="stmt"/>
        </file>
        <file name="FieldUpload.vue" path="/Users/marine/Documents/MAKESENSE/makesense_design-system/src/system/components/molecules/FieldUpload.vue">
          <metrics statements="31" coveredstatements="0" conditionals="22" coveredconditionals="0" methods="10" coveredmethods="0"/>
          <line num="134" count="0" type="stmt"/>
          <line num="139" count="0" type="stmt"/>
          <line num="145" count="0" type="cond" truecount="0" falsecount="2"/>
          <line num="151" count="0" type="stmt"/>
          <line num="152" count="0" type="cond" truecount="0" falsecount="2"/>
          <line num="154" count="0" type="stmt"/>
          <line num="157" count="0" type="cond" truecount="0" falsecount="2"/>
          <line num="158" count="0" type="cond" truecount="0" falsecount="4"/>
          <line num="159" count="0" type="stmt"/>
          <line num="161" count="0" type="stmt"/>
          <line num="164" count="0" type="stmt"/>
          <line num="167" count="0" type="cond" truecount="0" falsecount="2"/>
          <line num="168" count="0" type="cond" truecount="0" falsecount="4"/>
          <line num="169" count="0" type="stmt"/>
          <line num="171" count="0" type="stmt"/>
          <line num="174" count="0" type="stmt"/>
          <line num="179" count="0" type="stmt"/>
          <line num="181" count="0" type="cond" truecount="0" falsecount="2"/>
          <line num="182" count="0" type="stmt"/>
          <line num="188" count="0" type="stmt"/>
          <line num="191" count="0" type="cond" truecount="0" falsecount="4"/>
          <line num="195" count="0" type="stmt"/>
          <line num="197" count="0" type="stmt"/>
          <line num="198" count="0" type="stmt"/>
          <line num="201" count="0" type="stmt"/>
          <line num="204" count="0" type="stmt"/>
          <line num="205" count="0" type="stmt"/>
          <line num="210" count="0" type="stmt"/>
          <line num="214" count="0" type="stmt"/>
          <line num="215" count="0" type="stmt"/>
          <line num="216" count="0" type="stmt"/>
        </file>
        <file name="IconActionCard.vue" path="/Users/marine/Documents/MAKESENSE/makesense_design-system/src/system/components/molecules/IconActionCard.vue">
          <metrics statements="6" coveredstatements="0" conditionals="0" coveredconditionals="0" methods="3" coveredmethods="0"/>
          <line num="71" count="0" type="stmt"/>
          <line num="122" count="0" type="stmt"/>
          <line num="138" count="0" type="stmt"/>
          <line num="156" count="0" type="stmt"/>
          <line num="162" count="0" type="stmt"/>
          <line num="167" count="0" type="stmt"/>
        </file>
        <file name="IconHeader.vue" path="/Users/marine/Documents/MAKESENSE/makesense_design-system/src/system/components/molecules/IconHeader.vue">
          <metrics statements="2" coveredstatements="0" conditionals="0" coveredconditionals="0" methods="2" coveredmethods="0"/>
          <line num="56" count="0" type="stmt"/>
          <line num="71" count="0" type="stmt"/>
        </file>
        <file name="Modal.vue" path="/Users/marine/Documents/MAKESENSE/makesense_design-system/src/system/components/molecules/Modal.vue">
          <metrics statements="4" coveredstatements="0" conditionals="0" coveredconditionals="0" methods="3" coveredmethods="0"/>
          <line num="52" count="0" type="stmt"/>
          <line num="57" count="0" type="stmt"/>
          <line num="62" count="0" type="stmt"/>
          <line num="66" count="0" type="stmt"/>
        </file>
        <file name="Pagination.vue" path="/Users/marine/Documents/MAKESENSE/makesense_design-system/src/system/components/molecules/Pagination.vue">
          <metrics statements="44" coveredstatements="0" conditionals="28" coveredconditionals="0" methods="1" coveredmethods="0"/>
          <line num="60" count="0" type="stmt"/>
          <line num="70" count="0" type="stmt"/>
          <line num="71" count="0" type="stmt"/>
          <line num="72" count="0" type="stmt"/>
          <line num="75" count="0" type="stmt"/>
          <line num="78" count="0" type="stmt"/>
          <line num="81" count="0" type="cond" truecount="0" falsecount="2"/>
          <line num="82" count="0" type="stmt"/>
          <line num="87" count="0" type="stmt"/>
          <line num="88" count="0" type="stmt"/>
          <line num="93" count="0" type="cond" truecount="0" falsecount="2"/>
          <line num="94" count="0" type="stmt"/>
          <line num="96" count="0" type="cond" truecount="0" falsecount="2"/>
          <line num="97" count="0" type="stmt"/>
          <line num="99" count="0" type="stmt"/>
          <line num="100" count="0" type="cond" truecount="0" falsecount="2"/>
          <line num="101" count="0" type="stmt"/>
          <line num="105" count="0" type="cond" truecount="0" falsecount="2"/>
          <line num="106" count="0" type="stmt"/>
          <line num="107" count="0" type="stmt"/>
          <line num="109" count="0" type="cond" truecount="0" falsecount="2"/>
          <line num="110" count="0" type="cond" truecount="0" falsecount="2"/>
          <line num="111" count="0" type="stmt"/>
          <line num="113" count="0" type="stmt"/>
          <line num="115" count="0" type="stmt"/>
          <line num="117" count="0" type="cond" truecount="0" falsecount="4"/>
          <line num="118" count="0" type="stmt"/>
          <line num="119" count="0" type="stmt"/>
          <line num="121" count="0" type="cond" truecount="0" falsecount="2"/>
          <line num="122" count="0" type="stmt"/>
          <line num="123" count="0" type="cond" truecount="0" falsecount="2"/>
          <line num="124" count="0" type="stmt"/>
          <line num="126" count="0" type="stmt"/>
          <line num="134" count="0" type="cond" truecount="0" falsecount="2"/>
          <line num="135" count="0" type="stmt"/>
          <line num="137" count="0" type="stmt"/>
          <line num="145" count="0" type="stmt"/>
          <line num="146" count="0" type="stmt"/>
          <line num="147" count="0" type="stmt"/>
          <line num="149" count="0" type="stmt"/>
          <line num="152" count="0" type="cond" truecount="0" falsecount="2"/>
          <line num="153" count="0" type="stmt"/>
          <line num="157" count="0" type="cond" truecount="0" falsecount="2"/>
          <line num="158" count="0" type="stmt"/>
        </file>
        <file name="Sidebar.vue" path="/Users/marine/Documents/MAKESENSE/makesense_design-system/src/system/components/molecules/Sidebar.vue">
          <metrics statements="1" coveredstatements="0" conditionals="0" coveredconditionals="0" methods="1" coveredmethods="0"/>
          <line num="48" count="0" type="stmt"/>
        </file>
      </package>
      <package name="system.icons">
        <metrics statements="8" coveredstatements="0" conditionals="0" coveredconditionals="0" methods="2" coveredmethods="0"/>
        <file name="index.js" path="/Users/marine/Documents/MAKESENSE/makesense_design-system/src/system/icons/index.js">
          <metrics statements="8" coveredstatements="0" conditionals="0" coveredconditionals="0" methods="2" coveredmethods="0"/>
          <line num="2" count="0" type="stmt"/>
          <line num="4" count="0" type="stmt"/>
          <line num="5" count="0" type="stmt"/>
          <line num="7" count="0" type="stmt"/>
          <line num="8" count="0" type="stmt"/>
          <line num="9" count="0" type="stmt"/>
          <line num="10" count="0" type="stmt"/>
          <line num="11" count="0" type="stmt"/>
        </file>
      </package>
      <package name="system.mixins">
        <metrics statements="26" coveredstatements="0" conditionals="20" coveredconditionals="0" methods="3" coveredmethods="0"/>
        <file name="index.js" path="/Users/marine/Documents/MAKESENSE/makesense_design-system/src/system/mixins/index.js">
          <metrics statements="1" coveredstatements="0" conditionals="0" coveredconditionals="0" methods="0" coveredmethods="0"/>
          <line num="1" count="0" type="stmt"/>
        </file>
        <file name="media-query.js" path="/Users/marine/Documents/MAKESENSE/makesense_design-system/src/system/mixins/media-query.js">
          <metrics statements="25" coveredstatements="0" conditionals="20" coveredconditionals="0" methods="3" coveredmethods="0"/>
          <line num="1" count="0" type="stmt"/>
          <line num="3" count="0" type="stmt"/>
          <line num="9" count="0" type="stmt"/>
          <line num="14" count="0" type="stmt"/>
          <line num="20" count="0" type="stmt"/>
          <line num="23" count="0" type="cond" truecount="0" falsecount="2"/>
          <line num="24" count="0" type="stmt"/>
          <line num="26" count="0" type="stmt"/>
          <line num="27" count="0" type="cond" truecount="0" falsecount="4"/>
          <line num="28" count="0" type="stmt"/>
          <line num="29" count="0" type="stmt"/>
          <line num="31" count="0" type="stmt"/>
          <line num="33" count="0" type="stmt"/>
          <line num="34" count="0" type="stmt"/>
          <line num="43" count="0" type="stmt"/>
          <line num="49" count="0" type="stmt"/>
          <line num="50" count="0" type="cond" truecount="0" falsecount="4"/>
          <line num="51" count="0" type="stmt"/>
          <line num="53" count="0" type="stmt"/>
          <line num="54" count="0" type="stmt"/>
          <line num="57" count="0" type="stmt"/>
          <line num="58" count="0" type="cond" truecount="0" falsecount="4"/>
          <line num="59" count="0" type="stmt"/>
          <line num="60" count="0" type="stmt"/>
          <line num="63" count="0" type="stmt"/>
        </file>
      </package>
      <package name="system.plugins">
        <metrics statements="34" coveredstatements="0" conditionals="8" coveredconditionals="0" methods="3" coveredmethods="0"/>
        <file name="filters.js" path="/Users/marine/Documents/MAKESENSE/makesense_design-system/src/system/plugins/filters.js">
          <metrics statements="6" coveredstatements="0" conditionals="0" coveredconditionals="0" methods="0" coveredmethods="0"/>
          <line num="1" count="0" type="stmt"/>
          <line num="2" count="0" type="stmt"/>
          <line num="3" count="0" type="stmt"/>
          <line num="7" count="0" type="stmt"/>
          <line num="8" count="0" type="stmt"/>
          <line num="9" count="0" type="stmt"/>
        </file>
        <file name="index.js" path="/Users/marine/Documents/MAKESENSE/makesense_design-system/src/system/plugins/index.js">
          <metrics statements="6" coveredstatements="0" conditionals="0" coveredconditionals="0" methods="0" coveredmethods="0"/>
          <line num="1" count="0" type="stmt"/>
          <line num="2" count="0" type="stmt"/>
          <line num="3" count="0" type="stmt"/>
          <line num="7" count="0" type="stmt"/>
          <line num="8" count="0" type="stmt"/>
          <line num="9" count="0" type="stmt"/>
        </file>
        <file name="themer.js" path="/Users/marine/Documents/MAKESENSE/makesense_design-system/src/system/plugins/themer.js">
          <metrics statements="19" coveredstatements="0" conditionals="8" coveredconditionals="0" methods="3" coveredmethods="0"/>
          <line num="1" count="0" type="stmt"/>
          <line num="3" count="0" type="stmt"/>
          <line num="7" count="0" type="stmt"/>
          <line num="8" count="0" type="cond" truecount="0" falsecount="2"/>
          <line num="9" count="0" type="stmt"/>
          <line num="11" count="0" type="cond" truecount="0" falsecount="2"/>
          <line num="13" count="0" type="stmt"/>
          <line num="14" count="0" type="stmt"/>
          <line num="16" count="0" type="stmt"/>
          <line num="17" count="0" type="stmt"/>
          <line num="22" count="0" type="stmt"/>
          <line num="23" count="0" type="cond" truecount="0" falsecount="2"/>
          <line num="24" count="0" type="stmt"/>
          <line num="25" count="0" type="stmt"/>
          <line num="27" count="0" type="stmt"/>
          <line num="29" count="0" type="stmt"/>
          <line num="32" count="0" type="stmt"/>
          <line num="38" count="0" type="cond" truecount="0" falsecount="2"/>
          <line num="39" count="0" type="stmt"/>
        </file>
        <file name="utils.js" path="/Users/marine/Documents/MAKESENSE/makesense_design-system/src/system/plugins/utils.js">
          <metrics statements="3" coveredstatements="0" conditionals="0" coveredconditionals="0" methods="0" coveredmethods="0"/>
          <line num="1" count="0" type="stmt"/>
          <line num="5" count="0" type="stmt"/>
          <line num="8" count="0" type="stmt"/>
        </file>
      </package>
      <package name="system.tokens">
        <metrics statements="20" coveredstatements="0" conditionals="2" coveredconditionals="0" methods="3" coveredmethods="0"/>
        <file name="index.js" path="/Users/marine/Documents/MAKESENSE/makesense_design-system/src/system/tokens/index.js">
          <metrics statements="20" coveredstatements="0" conditionals="2" coveredconditionals="0" methods="3" coveredmethods="0"/>
          <line num="1" count="0" type="stmt"/>
          <line num="2" count="0" type="stmt"/>
          <line num="4" count="0" type="stmt"/>
          <line num="5" count="0" type="stmt"/>
          <line num="6" count="0" type="stmt"/>
          <line num="7" count="0" type="stmt"/>
          <line num="8" count="0" type="stmt"/>
          <line num="9" count="0" type="stmt"/>
          <line num="13" count="0" type="stmt"/>
          <line num="14" count="0" type="stmt"/>
          <line num="17" count="0" type="stmt"/>
          <line num="19" count="0" type="stmt"/>
          <line num="20" count="0" type="stmt"/>
          <line num="21" count="0" type="stmt"/>
          <line num="22" count="0" type="cond" truecount="0" falsecount="2"/>
          <line num="23" count="0" type="stmt"/>
          <line num="26" count="0" type="stmt"/>
          <line num="28" count="0" type="stmt"/>
          <line num="29" count="0" type="stmt"/>
          <line num="30" count="0" type="stmt"/>
        </file>
      </package>
      <package name="system.utils">
        <metrics statements="5" coveredstatements="0" conditionals="2" coveredconditionals="0" methods="1" coveredmethods="0"/>
        <file name="index.js" path="/Users/marine/Documents/MAKESENSE/makesense_design-system/src/system/utils/index.js">
          <metrics statements="5" coveredstatements="0" conditionals="2" coveredconditionals="0" methods="1" coveredmethods="0"/>
          <line num="1" count="0" type="stmt"/>
          <line num="2" count="0" type="stmt"/>
          <line num="4" count="0" type="stmt"/>
          <line num="5" count="0" type="stmt"/>
          <line num="6" count="0" type="stmt"/>
        </file>
      </package>
    </metrics>
  </project>
</coverage>
