{"/Users/marine/Documents/MAKESENSE/makesense_design-system/src/system/index.js": {"path":"/Users/marine/Documents/MAKESENSE/makesense_design-system/src/system/index.js","statementMap":{"0":{"start":{"line":1,"column":0},"end":{"line":null,"column":-1}},"1":{"start":{"line":2,"column":0},"end":{"line":null,"column":-1}},"2":{"start":{"line":3,"column":0},"end":{"line":null,"column":-1}},"3":{"start":{"line":4,"column":0},"end":{"line":null,"column":-1}},"4":{"start":{"line":5,"column":0},"end":{"line":null,"column":-1}},"5":{"start":{"line":6,"column":0},"end":{"line":null,"column":-1}},"6":{"start":{"line":10,"column":4},"end":{"line":null,"column":-1}},"7":{"start":{"line":11,"column":4},"end":{"line":null,"column":-1}},"8":{"start":{"line":13,"column":4},"end":{"line":null,"column":-1}},"9":{"start":{"line":14,"column":4},"end":{"line":null,"column":-1}},"10":{"start":{"line":15,"column":4},"end":{"line":null,"column":-1}}},"fnMap":{},"branchMap":{},"s":{"0":0,"1":0,"2":0,"3":0,"4":0,"5":0,"6":0,"7":0,"8":0,"9":0,"10":0},"f":{},"b":{}}
,"/Users/marine/Documents/MAKESENSE/makesense_design-system/src/system/components/index.js": {"path":"/Users/marine/Documents/MAKESENSE/makesense_design-system/src/system/components/index.js","statementMap":{"0":{"start":{"line":2,"column":13},"end":{"line":2,"column":0}},"1":{"start":{"line":2,"column":13},"end":{"line":null,"column":-1}},"2":{"start":{"line":4,"column":17},"end":{"line":4,"column":0}},"3":{"start":{"line":4,"column":17},"end":{"line":null,"column":-1}},"4":{"start":{"line":10,"column":19},"end":{"line":10,"column":0}},"5":{"start":{"line":11,"column":22},"end":{"line":11,"column":0}},"6":{"start":{"line":12,"column":25},"end":{"line":12,"column":0}},"7":{"start":{"line":14,"column":12},"end":{"line":14,"column":2}},"8":{"start":{"line":15,"column":15},"end":{"line":15,"column":2}},"9":{"start":{"line":16,"column":17},"end":{"line":16,"column":2}},"10":{"start":{"line":18,"column":2},"end":{"line":20,"column":3}},"11":{"start":{"line":19,"column":4},"end":{"line":null,"column":-1}},"12":{"start":{"line":23,"column":4},"end":{"line":22,"column":2}},"13":{"start":{"line":26,"column":2},"end":{"line":38,"column":3}},"14":{"start":{"line":27,"column":19},"end":{"line":27,"column":4}},"15":{"start":{"line":28,"column":26},"end":{"line":28,"column":4}},"16":{"start":{"line":36,"column":4},"end":{"line":null,"column":-1}},"17":{"start":{"line":37,"column":4},"end":{"line":null,"column":-1}},"18":{"start":{"line":40,"column":2},"end":{"line":41,"column":7}},"19":{"start":{"line":40,"column":56},"end":{"line":40,"column":2}},"20":{"start":{"line":41,"column":7},"end":{"line":null,"column":-1}},"21":{"start":{"line":45,"column":0},"end":{"line":null,"column":-1}},"22":{"start":{"line":46,"column":20},"end":{"line":46,"column":2}},"23":{"start":{"line":47,"column":2},"end":{"line":49,"column":3}},"24":{"start":{"line":48,"column":4},"end":{"line":null,"column":-1}},"25":{"start":{"line":50,"column":2},"end":{"line":52,"column":3}},"26":{"start":{"line":51,"column":4},"end":{"line":null,"column":-1}},"27":{"start":{"line":53,"column":2},"end":{"line":null,"column":-1}},"28":{"start":{"line":60,"column":4},"end":{"line":null,"column":-1}},"29":{"start":{"line":60,"column":28},"end":{"line":60,"column":4}}},"fnMap":{"0":{"name":"(anonymous_0)","decl":{"start":{"line":2,"column":13},"end":{"line":null,"column":-1}},"loc":{"start":{"line":2,"column":13},"end":{"line":2,"column":-1}}},"1":{"name":"(anonymous_4)","decl":{"start":{"line":4,"column":17},"end":{"line":null,"column":-1}},"loc":{"start":{"line":4,"column":17},"end":{"line":4,"column":-1}}},"2":{"name":"(anonymous_8)","decl":{"start":{"line":13,"column":23},"end":{"line":13,"column":25}},"loc":{"start":{"line":13,"column":30},"end":{"line":13,"column":0}}},"3":{"name":"(anonymous_9)","decl":{"start":{"line":45,"column":38},"end":{"line":45,"column":41}},"loc":{"start":{"line":45,"column":46},"end":{"line":45,"column":0}}},"4":{"name":"(anonymous_10)","decl":{"start":{"line":60,"column":23},"end":{"line":60,"column":24}},"loc":{"start":{"line":60,"column":28},"end":{"line":60,"column":4}}}},"branchMap":{"0":{"loc":{"start":{"line":18,"column":2},"end":{"line":20,"column":3}},"type":"if","locations":[{"start":{"line":18,"column":2},"end":{"line":20,"column":3}},{"start":{"line":18,"column":2},"end":{"line":20,"column":3}}]},"1":{"loc":{"start":{"line":23,"column":4},"end":{"line":23,"column":3}},"type":"binary-expr","locations":[{"start":{"line":23,"column":4},"end":{"line":23,"column":3}},{"start":{"line":24,"column":4},"end":{"line":22,"column":2}}]},"2":{"loc":{"start":{"line":26,"column":2},"end":{"line":38,"column":3}},"type":"if","locations":[{"start":{"line":26,"column":2},"end":{"line":38,"column":3}},{"start":{"line":26,"column":2},"end":{"line":38,"column":3}}]},"3":{"loc":{"start":{"line":27,"column":35},"end":{"line":27,"column":19}},"type":"cond-expr","locations":[{"start":{"line":27,"column":35},"end":{"line":27,"column":19}},{"start":{"line":27,"column":66},"end":{"line":27,"column":4}}]},"4":{"loc":{"start":{"line":40,"column":2},"end":{"line":41,"column":7}},"type":"if","locations":[{"start":{"line":40,"column":2},"end":{"line":41,"column":7}},{"start":{"line":40,"column":2},"end":{"line":41,"column":7}}]},"5":{"loc":{"start":{"line":47,"column":2},"end":{"line":49,"column":3}},"type":"if","locations":[{"start":{"line":47,"column":2},"end":{"line":49,"column":3}},{"start":{"line":47,"column":2},"end":{"line":49,"column":3}}]},"6":{"loc":{"start":{"line":47,"column":6},"end":{"line":47,"column":5}},"type":"binary-expr","locations":[{"start":{"line":47,"column":6},"end":{"line":47,"column":5}},{"start":{"line":47,"column":27},"end":{"line":47,"column":2}}]},"7":{"loc":{"start":{"line":50,"column":2},"end":{"line":52,"column":3}},"type":"if","locations":[{"start":{"line":50,"column":2},"end":{"line":52,"column":3}},{"start":{"line":50,"column":2},"end":{"line":52,"column":3}}]}},"s":{"0":0,"1":0,"2":0,"3":0,"4":0,"5":0,"6":0,"7":0,"8":0,"9":0,"10":0,"11":0,"12":0,"13":0,"14":0,"15":0,"16":0,"17":0,"18":0,"19":0,"20":0,"21":0,"22":0,"23":0,"24":0,"25":0,"26":0,"27":0,"28":0,"29":0},"f":{"0":0,"1":0,"2":0,"3":0,"4":0},"b":{"0":[0,0],"1":[0,0],"2":[0,0],"3":[0,0],"4":[0,0],"5":[0,0],"6":[0,0],"7":[0,0]}}
,"/Users/marine/Documents/MAKESENSE/makesense_design-system/src/system/components/atoms/Avatar.vue": {"path":"/Users/marine/Documents/MAKESENSE/makesense_design-system/src/system/components/atoms/Avatar.vue","statementMap":{"0":{"start":{"line":27,"column":0},"end":{"line":null,"column":-1}}},"fnMap":{"0":{"name":"(anonymous_1)","decl":{"start":{"line":26,"column":0},"end":{"line":null,"column":-1}},"loc":{"start":{"line":26,"column":0},"end":{"line":28,"column":0}}}},"branchMap":{},"s":{"0":0},"f":{"0":0},"b":{}}
,"/Users/marine/Documents/MAKESENSE/makesense_design-system/src/system/components/atoms/Button.vue": {"path":"/Users/marine/Documents/MAKESENSE/makesense_design-system/src/system/components/atoms/Button.vue","statementMap":{"0":{"start":{"line":45,"column":0},"end":{"line":null,"column":-1}},"1":{"start":{"line":83,"column":0},"end":{"line":null,"column":-1}},"2":{"start":{"line":105,"column":0},"end":{"line":null,"column":-1}},"3":{"start":{"line":112,"column":0},"end":{"line":null,"column":-1}},"4":{"start":{"line":118,"column":0},"end":{"line":null,"column":-1}},"5":{"start":{"line":120,"column":0},"end":{"line":122,"column":0}},"6":{"start":{"line":121,"column":0},"end":{"line":null,"column":-1}},"7":{"start":{"line":124,"column":0},"end":{"line":null,"column":-1}},"8":{"start":{"line":133,"column":0},"end":{"line":null,"column":-1}},"9":{"start":{"line":142,"column":0},"end":{"line":null,"column":-1}},"10":{"start":{"line":145,"column":0},"end":{"line":148,"column":0}},"11":{"start":{"line":146,"column":0},"end":{"line":null,"column":-1}},"12":{"start":{"line":147,"column":0},"end":{"line":null,"column":-1}}},"fnMap":{"0":{"name":"(anonymous_1)","decl":{"start":{"line":44,"column":0},"end":{"line":null,"column":-1}},"loc":{"start":{"line":44,"column":0},"end":{"line":46,"column":0}}},"1":{"name":"(anonymous_2)","decl":{"start":{"line":82,"column":0},"end":{"line":null,"column":-1}},"loc":{"start":{"line":82,"column":0},"end":{"line":96,"column":0}}},"2":{"name":"(anonymous_3)","decl":{"start":{"line":104,"column":0},"end":{"line":null,"column":-1}},"loc":{"start":{"line":104,"column":0},"end":{"line":108,"column":0}}},"3":{"name":"(anonymous_4)","decl":{"start":{"line":111,"column":0},"end":{"line":null,"column":-1}},"loc":{"start":{"line":111,"column":0},"end":{"line":116,"column":0}}},"4":{"name":"(anonymous_5)","decl":{"start":{"line":120,"column":0},"end":{"line":null,"column":-1}},"loc":{"start":{"line":120,"column":0},"end":{"line":122,"column":0}}},"5":{"name":"(anonymous_6)","decl":{"start":{"line":131,"column":0},"end":{"line":null,"column":-1}},"loc":{"start":{"line":131,"column":0},"end":{"line":134,"column":0}}},"6":{"name":"(anonymous_7)","decl":{"start":{"line":145,"column":0},"end":{"line":null,"column":-1}},"loc":{"start":{"line":145,"column":0},"end":{"line":148,"column":0}}}},"branchMap":{},"s":{"0":0,"1":0,"2":0,"3":0,"4":0,"5":0,"6":0,"7":0,"8":0,"9":0,"10":0,"11":0,"12":0},"f":{"0":0,"1":0,"2":0,"3":0,"4":0,"5":0,"6":0},"b":{}}
,"/Users/marine/Documents/MAKESENSE/makesense_design-system/src/system/components/atoms/DateNumber.vue": {"path":"/Users/marine/Documents/MAKESENSE/makesense_design-system/src/system/components/atoms/DateNumber.vue","statementMap":{"0":{"start":{"line":32,"column":0},"end":{"line":null,"column":-1}}},"fnMap":{"0":{"name":"(anonymous_1)","decl":{"start":{"line":31,"column":0},"end":{"line":null,"column":-1}},"loc":{"start":{"line":31,"column":0},"end":{"line":33,"column":0}}}},"branchMap":{},"s":{"0":0},"f":{"0":0},"b":{}}
,"/Users/marine/Documents/MAKESENSE/makesense_design-system/src/system/components/atoms/FieldError.vue": {"path":"/Users/marine/Documents/MAKESENSE/makesense_design-system/src/system/components/atoms/FieldError.vue","statementMap":{"0":{"start":{"line":20,"column":0},"end":{"line":23,"column":0}},"1":{"start":{"line":21,"column":0},"end":{"line":null,"column":-1}},"2":{"start":{"line":23,"column":0},"end":{"line":null,"column":-1}}},"fnMap":{"0":{"name":"(anonymous_1)","decl":{"start":{"line":19,"column":0},"end":{"line":null,"column":-1}},"loc":{"start":{"line":19,"column":0},"end":{"line":24,"column":0}}}},"branchMap":{"0":{"loc":{"start":{"line":20,"column":0},"end":{"line":23,"column":0}},"type":"if","locations":[{"start":{"line":20,"column":0},"end":{"line":23,"column":0}},{"start":{"line":20,"column":0},"end":{"line":23,"column":0}}]},"1":{"loc":{"start":{"line":21,"column":0},"end":{"line":null,"column":-1}},"type":"if","locations":[{"start":{"line":21,"column":0},"end":{"line":null,"column":-1}},{"start":{"line":21,"column":0},"end":{"line":null,"column":-1}}]}},"s":{"0":0,"1":0,"2":0},"f":{"0":0},"b":{"0":[0,0],"1":[0,0]}}
,"/Users/marine/Documents/MAKESENSE/makesense_design-system/src/system/components/atoms/FieldLabel.vue": {"path":"/Users/marine/Documents/MAKESENSE/makesense_design-system/src/system/components/atoms/FieldLabel.vue","statementMap":{"0":{"start":{"line":48,"column":0},"end":{"line":null,"column":-1}}},"fnMap":{"0":{"name":"(anonymous_1)","decl":{"start":{"line":47,"column":0},"end":{"line":null,"column":-1}},"loc":{"start":{"line":47,"column":0},"end":{"line":49,"column":0}}}},"branchMap":{},"s":{"0":0},"f":{"0":0},"b":{}}
,"/Users/marine/Documents/MAKESENSE/makesense_design-system/src/system/components/atoms/Heading.vue": {"path":"/Users/marine/Documents/MAKESENSE/makesense_design-system/src/system/components/atoms/Heading.vue","statementMap":{"0":{"start":{"line":30,"column":0},"end":{"line":null,"column":-1}},"1":{"start":{"line":41,"column":0},"end":{"line":null,"column":-1}},"2":{"start":{"line":53,"column":0},"end":{"line":null,"column":-1}}},"fnMap":{"0":{"name":"(anonymous_1)","decl":{"start":{"line":29,"column":0},"end":{"line":null,"column":-1}},"loc":{"start":{"line":29,"column":0},"end":{"line":31,"column":0}}},"1":{"name":"(anonymous_2)","decl":{"start":{"line":40,"column":0},"end":{"line":null,"column":-1}},"loc":{"start":{"line":40,"column":0},"end":{"line":42,"column":0}}},"2":{"name":"(anonymous_3)","decl":{"start":{"line":52,"column":0},"end":{"line":null,"column":-1}},"loc":{"start":{"line":52,"column":0},"end":{"line":58,"column":0}}}},"branchMap":{},"s":{"0":0,"1":0,"2":0},"f":{"0":0,"1":0,"2":0},"b":{}}
,"/Users/marine/Documents/MAKESENSE/makesense_design-system/src/system/components/atoms/Icon.vue": {"path":"/Users/marine/Documents/MAKESENSE/makesense_design-system/src/system/components/atoms/Icon.vue","statementMap":{"0":{"start":{"line":25,"column":0},"end":{"line":null,"column":-1}},"1":{"start":{"line":26,"column":0},"end":{"line":null,"column":-1}},"2":{"start":{"line":28,"column":0},"end":{"line":null,"column":-1}},"3":{"start":{"line":89,"column":0},"end":{"line":null,"column":-1}},"4":{"start":{"line":95,"column":0},"end":{"line":97,"column":0}},"5":{"start":{"line":96,"column":0},"end":{"line":null,"column":-1}},"6":{"start":{"line":101,"column":0},"end":{"line":null,"column":-1}},"7":{"start":{"line":102,"column":0},"end":{"line":null,"column":-1}},"8":{"start":{"line":103,"column":0},"end":{"line":null,"column":-1}},"9":{"start":{"line":104,"column":0},"end":{"line":null,"column":-1}},"10":{"start":{"line":105,"column":0},"end":{"line":null,"column":-1}},"11":{"start":{"line":106,"column":0},"end":{"line":null,"column":-1}},"12":{"start":{"line":110,"column":0},"end":{"line":null,"column":-1}},"13":{"start":{"line":112,"column":0},"end":{"line":null,"column":-1}},"14":{"start":{"line":114,"column":0},"end":{"line":null,"column":-1}},"15":{"start":{"line":116,"column":0},"end":{"line":null,"column":-1}},"16":{"start":{"line":118,"column":0},"end":{"line":null,"column":-1}},"17":{"start":{"line":120,"column":0},"end":{"line":null,"column":-1}},"18":{"start":{"line":122,"column":0},"end":{"line":null,"column":-1}},"19":{"start":{"line":124,"column":0},"end":{"line":null,"column":-1}},"20":{"start":{"line":126,"column":0},"end":{"line":null,"column":-1}},"21":{"start":{"line":128,"column":0},"end":{"line":null,"column":-1}},"22":{"start":{"line":130,"column":0},"end":{"line":null,"column":-1}},"23":{"start":{"line":132,"column":0},"end":{"line":null,"column":-1}},"24":{"start":{"line":134,"column":0},"end":{"line":null,"column":-1}},"25":{"start":{"line":136,"column":0},"end":{"line":null,"column":-1}},"26":{"start":{"line":138,"column":0},"end":{"line":null,"column":-1}},"27":{"start":{"line":140,"column":0},"end":{"line":null,"column":-1}},"28":{"start":{"line":142,"column":0},"end":{"line":null,"column":-1}},"29":{"start":{"line":144,"column":0},"end":{"line":null,"column":-1}},"30":{"start":{"line":146,"column":0},"end":{"line":null,"column":-1}},"31":{"start":{"line":148,"column":0},"end":{"line":null,"column":-1}},"32":{"start":{"line":150,"column":0},"end":{"line":null,"column":-1}}},"fnMap":{"0":{"name":"(anonymous_1)","decl":{"start":{"line":100,"column":0},"end":{"line":null,"column":-1}},"loc":{"start":{"line":100,"column":0},"end":{"line":107,"column":0}}},"1":{"name":"(anonymous_2)","decl":{"start":{"line":109,"column":0},"end":{"line":null,"column":-1}},"loc":{"start":{"line":109,"column":0},"end":{"line":152,"column":0}}}},"branchMap":{"0":{"loc":{"start":{"line":95,"column":0},"end":{"line":97,"column":0}},"type":"if","locations":[{"start":{"line":95,"column":0},"end":{"line":97,"column":0}},{"start":{"line":95,"column":0},"end":{"line":97,"column":0}}]},"1":{"loc":{"start":{"line":101,"column":0},"end":{"line":null,"column":-1}},"type":"if","locations":[{"start":{"line":101,"column":0},"end":{"line":null,"column":-1}},{"start":{"line":101,"column":0},"end":{"line":null,"column":-1}}]},"2":{"loc":{"start":{"line":102,"column":0},"end":{"line":null,"column":-1}},"type":"if","locations":[{"start":{"line":102,"column":0},"end":{"line":null,"column":-1}},{"start":{"line":102,"column":0},"end":{"line":null,"column":-1}}]},"3":{"loc":{"start":{"line":103,"column":0},"end":{"line":null,"column":-1}},"type":"if","locations":[{"start":{"line":103,"column":0},"end":{"line":null,"column":-1}},{"start":{"line":103,"column":0},"end":{"line":null,"column":-1}}]},"4":{"loc":{"start":{"line":104,"column":0},"end":{"line":null,"column":-1}},"type":"if","locations":[{"start":{"line":104,"column":0},"end":{"line":null,"column":-1}},{"start":{"line":104,"column":0},"end":{"line":null,"column":-1}}]},"5":{"loc":{"start":{"line":105,"column":0},"end":{"line":null,"column":-1}},"type":"if","locations":[{"start":{"line":105,"column":0},"end":{"line":null,"column":-1}},{"start":{"line":105,"column":0},"end":{"line":null,"column":-1}}]},"6":{"loc":{"start":{"line":111,"column":0},"end":{"line":112,"column":0}},"type":"switch","locations":[{"start":{"line":111,"column":0},"end":{"line":112,"column":0}},{"start":{"line":113,"column":0},"end":{"line":114,"column":0}},{"start":{"line":115,"column":0},"end":{"line":116,"column":0}},{"start":{"line":117,"column":0},"end":{"line":118,"column":0}},{"start":{"line":119,"column":0},"end":{"line":120,"column":0}},{"start":{"line":121,"column":0},"end":{"line":122,"column":0}},{"start":{"line":123,"column":0},"end":{"line":124,"column":0}},{"start":{"line":125,"column":0},"end":{"line":126,"column":0}},{"start":{"line":127,"column":0},"end":{"line":128,"column":0}},{"start":{"line":129,"column":0},"end":{"line":130,"column":0}},{"start":{"line":131,"column":0},"end":{"line":132,"column":0}},{"start":{"line":133,"column":0},"end":{"line":134,"column":0}},{"start":{"line":135,"column":0},"end":{"line":136,"column":0}},{"start":{"line":137,"column":0},"end":{"line":138,"column":0}},{"start":{"line":139,"column":0},"end":{"line":140,"column":0}},{"start":{"line":141,"column":0},"end":{"line":142,"column":0}},{"start":{"line":143,"column":0},"end":{"line":144,"column":0}},{"start":{"line":145,"column":0},"end":{"line":146,"column":0}},{"start":{"line":147,"column":0},"end":{"line":148,"column":0}},{"start":{"line":149,"column":0},"end":{"line":150,"column":0}}]}},"s":{"0":0,"1":0,"2":0,"3":0,"4":0,"5":0,"6":0,"7":0,"8":0,"9":0,"10":0,"11":0,"12":0,"13":0,"14":0,"15":0,"16":0,"17":0,"18":0,"19":0,"20":0,"21":0,"22":0,"23":0,"24":0,"25":0,"26":0,"27":0,"28":0,"29":0,"30":0,"31":0,"32":0},"f":{"0":0,"1":0},"b":{"0":[0,0],"1":[0,0],"2":[0,0],"3":[0,0],"4":[0,0],"5":[0,0],"6":[0,0,0,0,0,0,0,0,0,0,0,0,0,0,0,0,0,0,0,0]}}
,"/Users/marine/Documents/MAKESENSE/makesense_design-system/src/system/components/atoms/Link.vue": {"path":"/Users/marine/Documents/MAKESENSE/makesense_design-system/src/system/components/atoms/Link.vue","statementMap":{"0":{"start":{"line":34,"column":0},"end":{"line":41,"column":0}},"1":{"start":{"line":40,"column":0},"end":{"line":null,"column":-1}},"2":{"start":{"line":42,"column":0},"end":{"line":44,"column":0}},"3":{"start":{"line":43,"column":0},"end":{"line":null,"column":-1}},"4":{"start":{"line":45,"column":0},"end":{"line":null,"column":-1}}},"fnMap":{},"branchMap":{"0":{"loc":{"start":{"line":34,"column":0},"end":{"line":41,"column":0}},"type":"if","locations":[{"start":{"line":34,"column":0},"end":{"line":41,"column":0}},{"start":{"line":34,"column":0},"end":{"line":41,"column":0}}]},"1":{"loc":{"start":{"line":34,"column":0},"end":{"line":null,"column":-1}},"type":"binary-expr","locations":[{"start":{"line":34,"column":0},"end":{"line":null,"column":-1}},{"start":{"line":34,"column":0},"end":{"line":null,"column":-1}},{"start":{"line":34,"column":0},"end":{"line":null,"column":-1}},{"start":{"line":34,"column":0},"end":{"line":null,"column":-1}}]},"2":{"loc":{"start":{"line":42,"column":0},"end":{"line":44,"column":0}},"type":"if","locations":[{"start":{"line":42,"column":0},"end":{"line":44,"column":0}},{"start":{"line":42,"column":0},"end":{"line":44,"column":0}}]}},"s":{"0":0,"1":0,"2":0,"3":0,"4":0},"f":{},"b":{"0":[0,0],"1":[0,0,0,0],"2":[0,0]}}
,"/Users/marine/Documents/MAKESENSE/makesense_design-system/src/system/components/atoms/Loading.vue": {"path":"/Users/marine/Documents/MAKESENSE/makesense_design-system/src/system/components/atoms/Loading.vue","statementMap":{"0":{"start":{"line":34,"column":0},"end":{"line":null,"column":-1}},"1":{"start":{"line":53,"column":0},"end":{"line":null,"column":-1}},"2":{"start":{"line":89,"column":0},"end":{"line":null,"column":-1}}},"fnMap":{"0":{"name":"(anonymous_1)","decl":{"start":{"line":52,"column":0},"end":{"line":null,"column":-1}},"loc":{"start":{"line":52,"column":0},"end":{"line":56,"column":0}}},"1":{"name":"(anonymous_2)","decl":{"start":{"line":88,"column":0},"end":{"line":null,"column":-1}},"loc":{"start":{"line":88,"column":0},"end":{"line":90,"column":0}}}},"branchMap":{},"s":{"0":0,"1":0,"2":0},"f":{"0":0,"1":0},"b":{}}
,"/Users/marine/Documents/MAKESENSE/makesense_design-system/src/system/components/atoms/Tab.vue": {"path":"/Users/marine/Documents/MAKESENSE/makesense_design-system/src/system/components/atoms/Tab.vue","statementMap":{"0":{"start":{"line":36,"column":0},"end":{"line":null,"column":-1}}},"fnMap":{"0":{"name":"(anonymous_1)","decl":{"start":{"line":35,"column":0},"end":{"line":null,"column":-1}},"loc":{"start":{"line":35,"column":0},"end":{"line":37,"column":0}}}},"branchMap":{},"s":{"0":0},"f":{"0":0},"b":{}}
,"/Users/marine/Documents/MAKESENSE/makesense_design-system/src/system/components/atoms/Tag.vue": {"path":"/Users/marine/Documents/MAKESENSE/makesense_design-system/src/system/components/atoms/Tag.vue","statementMap":{"0":{"start":{"line":34,"column":0},"end":{"line":null,"column":-1}},"1":{"start":{"line":55,"column":0},"end":{"line":null,"column":-1}},"2":{"start":{"line":79,"column":0},"end":{"line":null,"column":-1}},"3":{"start":{"line":93,"column":0},"end":{"line":null,"column":-1}},"4":{"start":{"line":96,"column":0},"end":{"line":null,"column":-1}},"5":{"start":{"line":97,"column":0},"end":{"line":null,"column":-1}},"6":{"start":{"line":99,"column":0},"end":{"line":null,"column":-1}},"7":{"start":{"line":105,"column":0},"end":{"line":null,"column":-1}}},"fnMap":{"0":{"name":"(anonymous_1)","decl":{"start":{"line":33,"column":0},"end":{"line":null,"column":-1}},"loc":{"start":{"line":33,"column":0},"end":{"line":45,"column":0}}},"1":{"name":"(anonymous_2)","decl":{"start":{"line":54,"column":0},"end":{"line":null,"column":-1}},"loc":{"start":{"line":54,"column":0},"end":{"line":56,"column":0}}},"2":{"name":"(anonymous_3)","decl":{"start":{"line":78,"column":0},"end":{"line":null,"column":-1}},"loc":{"start":{"line":78,"column":0},"end":{"line":80,"column":0}}},"3":{"name":"(anonymous_4)","decl":{"start":{"line":104,"column":0},"end":{"line":null,"column":-1}},"loc":{"start":{"line":104,"column":0},"end":{"line":106,"column":0}}}},"branchMap":{"0":{"loc":{"start":{"line":93,"column":0},"end":{"line":null,"column":-1}},"type":"cond-expr","locations":[{"start":{"line":93,"column":0},"end":{"line":null,"column":-1}},{"start":{"line":93,"column":0},"end":{"line":null,"column":-1}}]},"1":{"loc":{"start":{"line":96,"column":0},"end":{"line":null,"column":-1}},"type":"if","locations":[{"start":{"line":96,"column":0},"end":{"line":null,"column":-1}},{"start":{"line":96,"column":0},"end":{"line":null,"column":-1}}]},"2":{"loc":{"start":{"line":97,"column":0},"end":{"line":null,"column":-1}},"type":"if","locations":[{"start":{"line":97,"column":0},"end":{"line":null,"column":-1}},{"start":{"line":97,"column":0},"end":{"line":null,"column":-1}}]},"3":{"loc":{"start":{"line":99,"column":0},"end":{"line":null,"column":-1}},"type":"if","locations":[{"start":{"line":99,"column":0},"end":{"line":null,"column":-1}},{"start":{"line":99,"column":0},"end":{"line":null,"column":-1}}]}},"s":{"0":0,"1":0,"2":0,"3":0,"4":0,"5":0,"6":0,"7":0},"f":{"0":0,"1":0,"2":0,"3":0},"b":{"0":[0,0],"1":[0,0],"2":[0,0],"3":[0,0]}}
,"/Users/marine/Documents/MAKESENSE/makesense_design-system/src/system/components/atoms/Text.vue": {"path":"/Users/marine/Documents/MAKESENSE/makesense_design-system/src/system/components/atoms/Text.vue","statementMap":{"0":{"start":{"line":43,"column":0},"end":{"line":null,"column":-1}},"1":{"start":{"line":66,"column":0},"end":{"line":null,"column":-1}},"2":{"start":{"line":74,"column":0},"end":{"line":null,"column":-1}},"3":{"start":{"line":82,"column":0},"end":{"line":null,"column":-1}},"4":{"start":{"line":102,"column":0},"end":{"line":null,"column":-1}}},"fnMap":{"0":{"name":"(anonymous_1)","decl":{"start":{"line":42,"column":0},"end":{"line":null,"column":-1}},"loc":{"start":{"line":42,"column":0},"end":{"line":59,"column":0}}},"1":{"name":"(anonymous_2)","decl":{"start":{"line":65,"column":0},"end":{"line":null,"column":-1}},"loc":{"start":{"line":65,"column":0},"end":{"line":67,"column":0}}},"2":{"name":"(anonymous_3)","decl":{"start":{"line":73,"column":0},"end":{"line":null,"column":-1}},"loc":{"start":{"line":73,"column":0},"end":{"line":75,"column":0}}},"3":{"name":"(anonymous_4)","decl":{"start":{"line":81,"column":0},"end":{"line":null,"column":-1}},"loc":{"start":{"line":81,"column":0},"end":{"line":83,"column":0}}},"4":{"name":"(anonymous_5)","decl":{"start":{"line":101,"column":0},"end":{"line":null,"column":-1}},"loc":{"start":{"line":101,"column":0},"end":{"line":115,"column":0}}}},"branchMap":{},"s":{"0":0,"1":0,"2":0,"3":0,"4":0},"f":{"0":0,"1":0,"2":0,"3":0,"4":0},"b":{}}
,"/Users/marine/Documents/MAKESENSE/makesense_design-system/src/system/components/atoms/alert/Alert.vue": {"path":"/Users/marine/Documents/MAKESENSE/makesense_design-system/src/system/components/atoms/alert/Alert.vue","statementMap":{"0":{"start":{"line":23,"column":0},"end":{"line":null,"column":-1}}},"fnMap":{"0":{"name":"(anonymous_1)","decl":{"start":{"line":22,"column":0},"end":{"line":null,"column":-1}},"loc":{"start":{"line":22,"column":0},"end":{"line":24,"column":0}}}},"branchMap":{},"s":{"0":2},"f":{"0":2},"b":{}}
,"/Users/marine/Documents/MAKESENSE/makesense_design-system/src/system/components/layouts/HorizontalList.vue": {"path":"/Users/marine/Documents/MAKESENSE/makesense_design-system/src/system/components/layouts/HorizontalList.vue","statementMap":{"0":{"start":{"line":26,"column":0},"end":{"line":null,"column":-1}}},"fnMap":{"0":{"name":"(anonymous_1)","decl":{"start":{"line":25,"column":0},"end":{"line":null,"column":-1}},"loc":{"start":{"line":25,"column":0},"end":{"line":27,"column":0}}}},"branchMap":{},"s":{"0":0},"f":{"0":0},"b":{}}
,"/Users/marine/Documents/MAKESENSE/makesense_design-system/src/system/components/molecules/Card.vue": {"path":"/Users/marine/Documents/MAKESENSE/makesense_design-system/src/system/components/molecules/Card.vue","statementMap":{"0":{"start":{"line":55,"column":0},"end":{"line":null,"column":-1}},"1":{"start":{"line":107,"column":0},"end":{"line":null,"column":-1}},"2":{"start":{"line":151,"column":0},"end":{"line":null,"column":-1}},"3":{"start":{"line":163,"column":0},"end":{"line":null,"column":-1}}},"fnMap":{"0":{"name":"(anonymous_1)","decl":{"start":{"line":54,"column":0},"end":{"line":null,"column":-1}},"loc":{"start":{"line":54,"column":0},"end":{"line":56,"column":0}}},"1":{"name":"(anonymous_2)","decl":{"start":{"line":106,"column":0},"end":{"line":null,"column":-1}},"loc":{"start":{"line":106,"column":0},"end":{"line":108,"column":0}}},"2":{"name":"(anonymous_3)","decl":{"start":{"line":150,"column":0},"end":{"line":null,"column":-1}},"loc":{"start":{"line":150,"column":0},"end":{"line":152,"column":0}}}},"branchMap":{},"s":{"0":0,"1":0,"2":0,"3":0},"f":{"0":0,"1":0,"2":0},"b":{}}
,"/Users/marine/Documents/MAKESENSE/makesense_design-system/src/system/components/molecules/EventLineCard.vue": {"path":"/Users/marine/Documents/MAKESENSE/makesense_design-system/src/system/components/molecules/EventLineCard.vue","statementMap":{"0":{"start":{"line":108,"column":0},"end":{"line":null,"column":-1}},"1":{"start":{"line":113,"column":0},"end":{"line":null,"column":-1}},"2":{"start":{"line":116,"column":0},"end":{"line":null,"column":-1}},"3":{"start":{"line":119,"column":0},"end":{"line":null,"column":-1}},"4":{"start":{"line":122,"column":0},"end":{"line":null,"column":-1}}},"fnMap":{"0":{"name":"(anonymous_1)","decl":{"start":{"line":105,"column":0},"end":{"line":null,"column":-1}},"loc":{"start":{"line":105,"column":0},"end":{"line":109,"column":0}}}},"branchMap":{"0":{"loc":{"start":{"line":116,"column":0},"end":{"line":null,"column":-1}},"type":"binary-expr","locations":[{"start":{"line":116,"column":0},"end":{"line":null,"column":-1}},{"start":{"line":116,"column":0},"end":{"line":null,"column":-1}}]},"1":{"loc":{"start":{"line":119,"column":0},"end":{"line":null,"column":-1}},"type":"binary-expr","locations":[{"start":{"line":119,"column":0},"end":{"line":null,"column":-1}},{"start":{"line":119,"column":0},"end":{"line":null,"column":-1}}]}},"s":{"0":0,"1":0,"2":0,"3":0,"4":0},"f":{"0":0},"b":{"0":[0,0],"1":[0,0]}}
,"/Users/marine/Documents/MAKESENSE/makesense_design-system/src/system/components/molecules/Field.vue": {"path":"/Users/marine/Documents/MAKESENSE/makesense_design-system/src/system/components/molecules/Field.vue","statementMap":{"0":{"start":{"line":259,"column":0},"end":{"line":null,"column":-1}},"1":{"start":{"line":307,"column":0},"end":{"line":null,"column":-1}},"2":{"start":{"line":319,"column":0},"end":{"line":null,"column":-1}},"3":{"start":{"line":330,"column":0},"end":{"line":null,"column":-1}},"4":{"start":{"line":336,"column":0},"end":{"line":null,"column":-1}},"5":{"start":{"line":339,"column":0},"end":{"line":null,"column":-1}},"6":{"start":{"line":343,"column":0},"end":{"line":null,"column":-1}},"7":{"start":{"line":351,"column":0},"end":{"line":null,"column":-1}},"8":{"start":{"line":355,"column":0},"end":{"line":null,"column":-1}},"9":{"start":{"line":363,"column":0},"end":{"line":null,"column":-1}},"10":{"start":{"line":365,"column":0},"end":{"line":371,"column":0}},"11":{"start":{"line":366,"column":0},"end":{"line":null,"column":-1}},"12":{"start":{"line":370,"column":0},"end":{"line":null,"column":-1}},"13":{"start":{"line":373,"column":0},"end":{"line":null,"column":-1}},"14":{"start":{"line":375,"column":0},"end":{"line":null,"column":-1}},"15":{"start":{"line":377,"column":0},"end":{"line":null,"column":-1}},"16":{"start":{"line":381,"column":0},"end":{"line":null,"column":-1}},"17":{"start":{"line":385,"column":0},"end":{"line":null,"column":-1}},"18":{"start":{"line":397,"column":0},"end":{"line":421,"column":0}},"19":{"start":{"line":398,"column":0},"end":{"line":420,"column":0}},"20":{"start":{"line":400,"column":0},"end":{"line":null,"column":-1}},"21":{"start":{"line":404,"column":0},"end":{"line":null,"column":-1}},"22":{"start":{"line":412,"column":0},"end":{"line":415,"column":0}},"23":{"start":{"line":413,"column":0},"end":{"line":null,"column":-1}},"24":{"start":{"line":414,"column":0},"end":{"line":null,"column":-1}},"25":{"start":{"line":418,"column":0},"end":{"line":null,"column":-1}},"26":{"start":{"line":423,"column":0},"end":{"line":null,"column":-1}},"27":{"start":{"line":431,"column":0},"end":{"line":null,"column":-1}},"28":{"start":{"line":443,"column":0},"end":{"line":null,"column":-1}},"29":{"start":{"line":444,"column":0},"end":{"line":null,"column":-1}},"30":{"start":{"line":445,"column":0},"end":{"line":null,"column":-1}},"31":{"start":{"line":447,"column":0},"end":{"line":null,"column":-1}},"32":{"start":{"line":450,"column":0},"end":{"line":null,"column":-1}},"33":{"start":{"line":452,"column":0},"end":{"line":null,"column":-1}},"34":{"start":{"line":457,"column":0},"end":{"line":null,"column":-1}},"35":{"start":{"line":465,"column":0},"end":{"line":null,"column":-1}},"36":{"start":{"line":469,"column":0},"end":{"line":null,"column":-1}},"37":{"start":{"line":471,"column":0},"end":{"line":null,"column":-1}},"38":{"start":{"line":474,"column":0},"end":{"line":null,"column":-1}}},"fnMap":{"0":{"name":"(anonymous_1)","decl":{"start":{"line":258,"column":0},"end":{"line":null,"column":-1}},"loc":{"start":{"line":258,"column":0},"end":{"line":276,"column":0}}},"1":{"name":"(anonymous_2)","decl":{"start":{"line":306,"column":0},"end":{"line":null,"column":-1}},"loc":{"start":{"line":306,"column":0},"end":{"line":308,"column":0}}},"2":{"name":"(anonymous_3)","decl":{"start":{"line":318,"column":0},"end":{"line":null,"column":-1}},"loc":{"start":{"line":318,"column":0},"end":{"line":324,"column":0}}},"3":{"name":"(anonymous_4)","decl":{"start":{"line":329,"column":0},"end":{"line":null,"column":-1}},"loc":{"start":{"line":329,"column":0},"end":{"line":331,"column":0}}},"4":{"name":"(anonymous_5)","decl":{"start":{"line":335,"column":0},"end":{"line":null,"column":-1}},"loc":{"start":{"line":335,"column":0},"end":{"line":337,"column":0}}},"5":{"name":"(anonymous_6)","decl":{"start":{"line":338,"column":0},"end":{"line":null,"column":-1}},"loc":{"start":{"line":338,"column":0},"end":{"line":340,"column":0}}},"6":{"name":"(anonymous_7)","decl":{"start":{"line":342,"column":0},"end":{"line":null,"column":-1}},"loc":{"start":{"line":342,"column":0},"end":{"line":348,"column":0}}},"7":{"name":"(anonymous_8)","decl":{"start":{"line":350,"column":0},"end":{"line":null,"column":-1}},"loc":{"start":{"line":350,"column":0},"end":{"line":353,"column":0}}},"8":{"name":"(anonymous_9)","decl":{"start":{"line":354,"column":0},"end":{"line":null,"column":-1}},"loc":{"start":{"line":354,"column":0},"end":{"line":361,"column":0}}},"9":{"name":"(anonymous_10)","decl":{"start":{"line":362,"column":0},"end":{"line":null,"column":-1}},"loc":{"start":{"line":362,"column":0},"end":{"line":378,"column":0}}},"10":{"name":"(anonymous_11)","decl":{"start":{"line":380,"column":0},"end":{"line":null,"column":-1}},"loc":{"start":{"line":380,"column":0},"end":{"line":382,"column":0}}},"11":{"name":"(anonymous_12)","decl":{"start":{"line":384,"column":0},"end":{"line":null,"column":-1}},"loc":{"start":{"line":384,"column":0},"end":{"line":424,"column":0}}},"12":{"name":"(anonymous_13)","decl":{"start":{"line":425,"column":0},"end":{"line":null,"column":-1}},"loc":{"start":{"line":425,"column":0},"end":{"line":438,"column":0}}},"13":{"name":"(anonymous_14)","decl":{"start":{"line":441,"column":0},"end":{"line":null,"column":-1}},"loc":{"start":{"line":441,"column":0},"end":{"line":448,"column":0}}},"14":{"name":"(anonymous_15)","decl":{"start":{"line":449,"column":0},"end":{"line":null,"column":-1}},"loc":{"start":{"line":449,"column":0},"end":{"line":454,"column":0}}},"15":{"name":"(anonymous_16)","decl":{"start":{"line":456,"column":0},"end":{"line":null,"column":-1}},"loc":{"start":{"line":456,"column":0},"end":{"line":466,"column":0}}},"16":{"name":"(anonymous_17)","decl":{"start":{"line":474,"column":0},"end":{"line":null,"column":-1}},"loc":{"start":{"line":474,"column":0},"end":{"line":null,"column":-1}}}},"branchMap":{"0":{"loc":{"start":{"line":351,"column":0},"end":{"line":null,"column":-1}},"type":"if","locations":[{"start":{"line":351,"column":0},"end":{"line":null,"column":-1}},{"start":{"line":351,"column":0},"end":{"line":null,"column":-1}}]},"1":{"loc":{"start":{"line":355,"column":0},"end":{"line":null,"column":-1}},"type":"if","locations":[{"start":{"line":355,"column":0},"end":{"line":null,"column":-1}},{"start":{"line":355,"column":0},"end":{"line":null,"column":-1}}]},"2":{"loc":{"start":{"line":355,"column":0},"end":{"line":null,"column":-1}},"type":"binary-expr","locations":[{"start":{"line":355,"column":0},"end":{"line":null,"column":-1}},{"start":{"line":355,"column":0},"end":{"line":null,"column":-1}},{"start":{"line":355,"column":0},"end":{"line":null,"column":-1}}]},"3":{"loc":{"start":{"line":365,"column":0},"end":{"line":371,"column":0}},"type":"if","locations":[{"start":{"line":365,"column":0},"end":{"line":371,"column":0}},{"start":{"line":365,"column":0},"end":{"line":371,"column":0}}]},"4":{"loc":{"start":{"line":365,"column":0},"end":{"line":null,"column":-1}},"type":"binary-expr","locations":[{"start":{"line":365,"column":0},"end":{"line":null,"column":-1}},{"start":{"line":365,"column":0},"end":{"line":null,"column":-1}}]},"5":{"loc":{"start":{"line":370,"column":0},"end":{"line":null,"column":-1}},"type":"if","locations":[{"start":{"line":370,"column":0},"end":{"line":null,"column":-1}},{"start":{"line":370,"column":0},"end":{"line":null,"column":-1}}]},"6":{"loc":{"start":{"line":373,"column":0},"end":{"line":null,"column":-1}},"type":"if","locations":[{"start":{"line":373,"column":0},"end":{"line":null,"column":-1}},{"start":{"line":373,"column":0},"end":{"line":null,"column":-1}}]},"7":{"loc":{"start":{"line":375,"column":0},"end":{"line":null,"column":-1}},"type":"if","locations":[{"start":{"line":375,"column":0},"end":{"line":null,"column":-1}},{"start":{"line":375,"column":0},"end":{"line":null,"column":-1}}]},"8":{"loc":{"start":{"line":397,"column":0},"end":{"line":421,"column":0}},"type":"if","locations":[{"start":{"line":397,"column":0},"end":{"line":421,"column":0}},{"start":{"line":397,"column":0},"end":{"line":421,"column":0}}]},"9":{"loc":{"start":{"line":400,"column":0},"end":{"line":null,"column":-1}},"type":"if","locations":[{"start":{"line":400,"column":0},"end":{"line":null,"column":-1}},{"start":{"line":400,"column":0},"end":{"line":null,"column":-1}}]},"10":{"loc":{"start":{"line":404,"column":0},"end":{"line":null,"column":-1}},"type":"if","locations":[{"start":{"line":404,"column":0},"end":{"line":null,"column":-1}},{"start":{"line":404,"column":0},"end":{"line":null,"column":-1}}]},"11":{"loc":{"start":{"line":412,"column":0},"end":{"line":415,"column":0}},"type":"if","locations":[{"start":{"line":412,"column":0},"end":{"line":415,"column":0}},{"start":{"line":412,"column":0},"end":{"line":415,"column":0}}]},"12":{"loc":{"start":{"line":418,"column":0},"end":{"line":null,"column":-1}},"type":"if","locations":[{"start":{"line":418,"column":0},"end":{"line":null,"column":-1}},{"start":{"line":418,"column":0},"end":{"line":null,"column":-1}}]},"13":{"loc":{"start":{"line":444,"column":0},"end":{"line":null,"column":-1}},"type":"if","locations":[{"start":{"line":444,"column":0},"end":{"line":null,"column":-1}},{"start":{"line":444,"column":0},"end":{"line":null,"column":-1}}]},"14":{"loc":{"start":{"line":445,"column":0},"end":{"line":null,"column":-1}},"type":"if","locations":[{"start":{"line":445,"column":0},"end":{"line":null,"column":-1}},{"start":{"line":445,"column":0},"end":{"line":null,"column":-1}}]},"15":{"loc":{"start":{"line":450,"column":0},"end":{"line":null,"column":-1}},"type":"if","locations":[{"start":{"line":450,"column":0},"end":{"line":null,"column":-1}},{"start":{"line":450,"column":0},"end":{"line":null,"column":-1}}]},"16":{"loc":{"start":{"line":452,"column":0},"end":{"line":null,"column":-1}},"type":"if","locations":[{"start":{"line":452,"column":0},"end":{"line":null,"column":-1}},{"start":{"line":452,"column":0},"end":{"line":null,"column":-1}}]},"17":{"loc":{"start":{"line":457,"column":0},"end":{"line":null,"column":-1}},"type":"if","locations":[{"start":{"line":457,"column":0},"end":{"line":null,"column":-1}},{"start":{"line":457,"column":0},"end":{"line":null,"column":-1}}]},"18":{"loc":{"start":{"line":471,"column":0},"end":{"line":null,"column":-1}},"type":"if","locations":[{"start":{"line":471,"column":0},"end":{"line":null,"column":-1}},{"start":{"line":471,"column":0},"end":{"line":null,"column":-1}}]},"19":{"loc":{"start":{"line":474,"column":0},"end":{"line":null,"column":-1}},"type":"if","locations":[{"start":{"line":474,"column":0},"end":{"line":null,"column":-1}},{"start":{"line":474,"column":0},"end":{"line":null,"column":-1}}]}},"s":{"0":0,"1":0,"2":0,"3":0,"4":0,"5":0,"6":0,"7":0,"8":0,"9":0,"10":0,"11":0,"12":0,"13":0,"14":0,"15":0,"16":0,"17":0,"18":0,"19":0,"20":0,"21":0,"22":0,"23":0,"24":0,"25":0,"26":0,"27":0,"28":0,"29":0,"30":0,"31":0,"32":0,"33":0,"34":0,"35":0,"36":0,"37":0,"38":0},"f":{"0":0,"1":0,"2":0,"3":0,"4":0,"5":0,"6":0,"7":0,"8":0,"9":0,"10":0,"11":0,"12":0,"13":0,"14":0,"15":0,"16":0},"b":{"0":[0,0],"1":[0,0],"2":[0,0,0],"3":[0,0],"4":[0,0],"5":[0,0],"6":[0,0],"7":[0,0],"8":[0,0],"9":[0,0],"10":[0,0],"11":[0,0],"12":[0,0],"13":[0,0],"14":[0,0],"15":[0,0],"16":[0,0],"17":[0,0],"18":[0,0],"19":[0,0]}}
,"/Users/marine/Documents/MAKESENSE/makesense_design-system/src/system/components/molecules/FieldEditor.vue": {"path":"/Users/marine/Documents/MAKESENSE/makesense_design-system/src/system/components/molecules/FieldEditor.vue","statementMap":{"0":{"start":{"line":44,"column":0},"end":{"line":null,"column":-1}},"1":{"start":{"line":50,"column":0},"end":{"line":null,"column":-1}},"2":{"start":{"line":53,"column":0},"end":{"line":null,"column":-1}},"3":{"start":{"line":63,"column":0},"end":{"line":null,"column":-1}},"4":{"start":{"line":68,"column":0},"end":{"line":null,"column":-1}},"5":{"start":{"line":71,"column":0},"end":{"line":null,"column":-1}}},"fnMap":{"0":{"name":"(anonymous_1)","decl":{"start":{"line":43,"column":0},"end":{"line":null,"column":-1}},"loc":{"start":{"line":43,"column":0},"end":{"line":48,"column":0}}},"1":{"name":"(anonymous_2)","decl":{"start":{"line":52,"column":0},"end":{"line":null,"column":-1}},"loc":{"start":{"line":52,"column":0},"end":{"line":59,"column":0}}},"2":{"name":"(anonymous_3)","decl":{"start":{"line":62,"column":0},"end":{"line":null,"column":-1}},"loc":{"start":{"line":62,"column":0},"end":{"line":64,"column":0}}},"3":{"name":"(anonymous_4)","decl":{"start":{"line":67,"column":0},"end":{"line":null,"column":-1}},"loc":{"start":{"line":67,"column":0},"end":{"line":69,"column":0}}},"4":{"name":"(anonymous_5)","decl":{"start":{"line":70,"column":0},"end":{"line":null,"column":-1}},"loc":{"start":{"line":70,"column":0},"end":{"line":72,"column":0}}}},"branchMap":{"0":{"loc":{"start":{"line":53,"column":0},"end":{"line":null,"column":-1}},"type":"if","locations":[{"start":{"line":53,"column":0},"end":{"line":null,"column":-1}},{"start":{"line":53,"column":0},"end":{"line":null,"column":-1}}]},"1":{"loc":{"start":{"line":53,"column":0},"end":{"line":null,"column":-1}},"type":"binary-expr","locations":[{"start":{"line":53,"column":0},"end":{"line":null,"column":-1}},{"start":{"line":53,"column":0},"end":{"line":null,"column":-1}},{"start":{"line":53,"column":0},"end":{"line":null,"column":-1}}]}},"s":{"0":0,"1":0,"2":0,"3":0,"4":0,"5":0},"f":{"0":0,"1":0,"2":0,"3":0,"4":0},"b":{"0":[0,0],"1":[0,0,0]}}
,"/Users/marine/Documents/MAKESENSE/makesense_design-system/src/system/components/molecules/FieldUpload.vue": {"path":"/Users/marine/Documents/MAKESENSE/makesense_design-system/src/system/components/molecules/FieldUpload.vue","statementMap":{"0":{"start":{"line":134,"column":0},"end":{"line":null,"column":-1}},"1":{"start":{"line":139,"column":0},"end":{"line":null,"column":-1}},"2":{"start":{"line":145,"column":0},"end":{"line":null,"column":-1}},"3":{"start":{"line":151,"column":0},"end":{"line":null,"column":-1}},"4":{"start":{"line":152,"column":0},"end":{"line":null,"column":-1}},"5":{"start":{"line":154,"column":0},"end":{"line":null,"column":-1}},"6":{"start":{"line":157,"column":0},"end":{"line":163,"column":0}},"7":{"start":{"line":158,"column":0},"end":{"line":162,"column":0}},"8":{"start":{"line":159,"column":0},"end":{"line":null,"column":-1}},"9":{"start":{"line":161,"column":0},"end":{"line":null,"column":-1}},"10":{"start":{"line":164,"column":0},"end":{"line":null,"column":-1}},"11":{"start":{"line":167,"column":0},"end":{"line":173,"column":0}},"12":{"start":{"line":168,"column":0},"end":{"line":172,"column":0}},"13":{"start":{"line":169,"column":0},"end":{"line":null,"column":-1}},"14":{"start":{"line":171,"column":0},"end":{"line":null,"column":-1}},"15":{"start":{"line":174,"column":0},"end":{"line":null,"column":-1}},"16":{"start":{"line":179,"column":0},"end":{"line":null,"column":-1}},"17":{"start":{"line":181,"column":0},"end":{"line":189,"column":0}},"18":{"start":{"line":182,"column":0},"end":{"line":null,"column":-1}},"19":{"start":{"line":188,"column":0},"end":{"line":null,"column":-1}},"20":{"start":{"line":191,"column":0},"end":{"line":202,"column":0}},"21":{"start":{"line":195,"column":0},"end":{"line":null,"column":-1}},"22":{"start":{"line":197,"column":0},"end":{"line":199,"column":0}},"23":{"start":{"line":198,"column":0},"end":{"line":null,"column":-1}},"24":{"start":{"line":201,"column":0},"end":{"line":null,"column":-1}},"25":{"start":{"line":204,"column":0},"end":{"line":null,"column":-1}},"26":{"start":{"line":205,"column":0},"end":{"line":null,"column":-1}},"27":{"start":{"line":210,"column":0},"end":{"line":null,"column":-1}},"28":{"start":{"line":214,"column":0},"end":{"line":null,"column":-1}},"29":{"start":{"line":215,"column":0},"end":{"line":null,"column":-1}},"30":{"start":{"line":216,"column":0},"end":{"line":null,"column":-1}}},"fnMap":{"0":{"name":"(anonymous_1)","decl":{"start":{"line":133,"column":0},"end":{"line":null,"column":-1}},"loc":{"start":{"line":133,"column":0},"end":{"line":135,"column":0}}},"1":{"name":"(anonymous_2)","decl":{"start":{"line":138,"column":0},"end":{"line":null,"column":-1}},"loc":{"start":{"line":138,"column":0},"end":{"line":143,"column":0}}},"2":{"name":"(anonymous_3)","decl":{"start":{"line":144,"column":0},"end":{"line":null,"column":-1}},"loc":{"start":{"line":144,"column":0},"end":{"line":148,"column":0}}},"3":{"name":"(anonymous_4)","decl":{"start":{"line":150,"column":0},"end":{"line":null,"column":-1}},"loc":{"start":{"line":150,"column":0},"end":{"line":155,"column":0}}},"4":{"name":"(anonymous_5)","decl":{"start":{"line":156,"column":0},"end":{"line":null,"column":-1}},"loc":{"start":{"line":156,"column":0},"end":{"line":165,"column":0}}},"5":{"name":"(anonymous_6)","decl":{"start":{"line":166,"column":0},"end":{"line":null,"column":-1}},"loc":{"start":{"line":166,"column":0},"end":{"line":175,"column":0}}},"6":{"name":"(anonymous_7)","decl":{"start":{"line":178,"column":0},"end":{"line":null,"column":-1}},"loc":{"start":{"line":178,"column":0},"end":{"line":207,"column":0}}},"7":{"name":"(anonymous_8)","decl":{"start":{"line":197,"column":0},"end":{"line":null,"column":-1}},"loc":{"start":{"line":197,"column":0},"end":{"line":199,"column":0}}},"8":{"name":"(anonymous_9)","decl":{"start":{"line":209,"column":0},"end":{"line":null,"column":-1}},"loc":{"start":{"line":209,"column":0},"end":{"line":211,"column":0}}},"9":{"name":"(anonymous_10)","decl":{"start":{"line":213,"column":0},"end":{"line":null,"column":-1}},"loc":{"start":{"line":213,"column":0},"end":{"line":217,"column":0}}}},"branchMap":{"0":{"loc":{"start":{"line":145,"column":0},"end":{"line":null,"column":-1}},"type":"if","locations":[{"start":{"line":145,"column":0},"end":{"line":null,"column":-1}},{"start":{"line":145,"column":0},"end":{"line":null,"column":-1}}]},"1":{"loc":{"start":{"line":152,"column":0},"end":{"line":null,"column":-1}},"type":"if","locations":[{"start":{"line":152,"column":0},"end":{"line":null,"column":-1}},{"start":{"line":152,"column":0},"end":{"line":null,"column":-1}}]},"2":{"loc":{"start":{"line":157,"column":0},"end":{"line":163,"column":0}},"type":"if","locations":[{"start":{"line":157,"column":0},"end":{"line":163,"column":0}},{"start":{"line":157,"column":0},"end":{"line":163,"column":0}}]},"3":{"loc":{"start":{"line":158,"column":0},"end":{"line":162,"column":0}},"type":"if","locations":[{"start":{"line":158,"column":0},"end":{"line":162,"column":0}},{"start":{"line":158,"column":0},"end":{"line":162,"column":0}}]},"4":{"loc":{"start":{"line":158,"column":0},"end":{"line":null,"column":-1}},"type":"binary-expr","locations":[{"start":{"line":158,"column":0},"end":{"line":null,"column":-1}},{"start":{"line":158,"column":0},"end":{"line":null,"column":-1}}]},"5":{"loc":{"start":{"line":167,"column":0},"end":{"line":173,"column":0}},"type":"if","locations":[{"start":{"line":167,"column":0},"end":{"line":173,"column":0}},{"start":{"line":167,"column":0},"end":{"line":173,"column":0}}]},"6":{"loc":{"start":{"line":168,"column":0},"end":{"line":172,"column":0}},"type":"if","locations":[{"start":{"line":168,"column":0},"end":{"line":172,"column":0}},{"start":{"line":168,"column":0},"end":{"line":172,"column":0}}]},"7":{"loc":{"start":{"line":168,"column":0},"end":{"line":null,"column":-1}},"type":"binary-expr","locations":[{"start":{"line":168,"column":0},"end":{"line":null,"column":-1}},{"start":{"line":168,"column":0},"end":{"line":null,"column":-1}}]},"8":{"loc":{"start":{"line":181,"column":0},"end":{"line":189,"column":0}},"type":"if","locations":[{"start":{"line":181,"column":0},"end":{"line":189,"column":0}},{"start":{"line":181,"column":0},"end":{"line":189,"column":0}}]},"9":{"loc":{"start":{"line":191,"column":0},"end":{"line":202,"column":0}},"type":"if","locations":[{"start":{"line":191,"column":0},"end":{"line":202,"column":0}},{"start":{"line":191,"column":0},"end":{"line":202,"column":0}}]},"10":{"loc":{"start":{"line":191,"column":0},"end":{"line":null,"column":-1}},"type":"binary-expr","locations":[{"start":{"line":191,"column":0},"end":{"line":null,"column":-1}},{"start":{"line":191,"column":0},"end":{"line":null,"column":-1}}]}},"s":{"0":0,"1":0,"2":0,"3":0,"4":0,"5":0,"6":0,"7":0,"8":0,"9":0,"10":0,"11":0,"12":0,"13":0,"14":0,"15":0,"16":0,"17":0,"18":0,"19":0,"20":0,"21":0,"22":0,"23":0,"24":0,"25":0,"26":0,"27":0,"28":0,"29":0,"30":0},"f":{"0":0,"1":0,"2":0,"3":0,"4":0,"5":0,"6":0,"7":0,"8":0,"9":0},"b":{"0":[0,0],"1":[0,0],"2":[0,0],"3":[0,0],"4":[0,0],"5":[0,0],"6":[0,0],"7":[0,0],"8":[0,0],"9":[0,0],"10":[0,0]}}
,"/Users/marine/Documents/MAKESENSE/makesense_design-system/src/system/components/molecules/IconActionCard.vue": {"path":"/Users/marine/Documents/MAKESENSE/makesense_design-system/src/system/components/molecules/IconActionCard.vue","statementMap":{"0":{"start":{"line":71,"column":0},"end":{"line":null,"column":-1}},"1":{"start":{"line":122,"column":0},"end":{"line":null,"column":-1}},"2":{"start":{"line":138,"column":0},"end":{"line":null,"column":-1}},"3":{"start":{"line":156,"column":0},"end":{"line":null,"column":-1}},"4":{"start":{"line":162,"column":0},"end":{"line":null,"column":-1}},"5":{"start":{"line":167,"column":0},"end":{"line":null,"column":-1}}},"fnMap":{"0":{"name":"(anonymous_1)","decl":{"start":{"line":70,"column":0},"end":{"line":null,"column":-1}},"loc":{"start":{"line":70,"column":0},"end":{"line":82,"column":0}}},"1":{"name":"(anonymous_2)","decl":{"start":{"line":121,"column":0},"end":{"line":null,"column":-1}},"loc":{"start":{"line":121,"column":0},"end":{"line":123,"column":0}}},"2":{"name":"(anonymous_3)","decl":{"start":{"line":137,"column":0},"end":{"line":null,"column":-1}},"loc":{"start":{"line":137,"column":0},"end":{"line":149,"column":0}}}},"branchMap":{},"s":{"0":0,"1":0,"2":0,"3":0,"4":0,"5":0},"f":{"0":0,"1":0,"2":0},"b":{}}
,"/Users/marine/Documents/MAKESENSE/makesense_design-system/src/system/components/molecules/IconHeader.vue": {"path":"/Users/marine/Documents/MAKESENSE/makesense_design-system/src/system/components/molecules/IconHeader.vue","statementMap":{"0":{"start":{"line":56,"column":0},"end":{"line":null,"column":-1}},"1":{"start":{"line":71,"column":0},"end":{"line":null,"column":-1}}},"fnMap":{"0":{"name":"(anonymous_1)","decl":{"start":{"line":56,"column":0},"end":{"line":null,"column":-1}},"loc":{"start":{"line":56,"column":0},"end":{"line":null,"column":-1}}},"1":{"name":"(anonymous_2)","decl":{"start":{"line":71,"column":0},"end":{"line":null,"column":-1}},"loc":{"start":{"line":71,"column":0},"end":{"line":null,"column":-1}}}},"branchMap":{},"s":{"0":0,"1":0},"f":{"0":0,"1":0},"b":{}}
,"/Users/marine/Documents/MAKESENSE/makesense_design-system/src/system/components/molecules/Modal.vue": {"path":"/Users/marine/Documents/MAKESENSE/makesense_design-system/src/system/components/molecules/Modal.vue","statementMap":{"0":{"start":{"line":52,"column":0},"end":{"line":null,"column":-1}},"1":{"start":{"line":57,"column":0},"end":{"line":null,"column":-1}},"2":{"start":{"line":62,"column":0},"end":{"line":null,"column":-1}},"3":{"start":{"line":66,"column":0},"end":{"line":null,"column":-1}}},"fnMap":{"0":{"name":"(anonymous_1)","decl":{"start":{"line":51,"column":0},"end":{"line":null,"column":-1}},"loc":{"start":{"line":51,"column":0},"end":{"line":53,"column":0}}},"1":{"name":"(anonymous_2)","decl":{"start":{"line":56,"column":0},"end":{"line":null,"column":-1}},"loc":{"start":{"line":56,"column":0},"end":{"line":60,"column":0}}},"2":{"name":"(anonymous_3)","decl":{"start":{"line":65,"column":0},"end":{"line":null,"column":-1}},"loc":{"start":{"line":65,"column":0},"end":{"line":67,"column":0}}}},"branchMap":{},"s":{"0":0,"1":0,"2":0,"3":0},"f":{"0":0,"1":0,"2":0},"b":{}}
,"/Users/marine/Documents/MAKESENSE/makesense_design-system/src/system/components/molecules/Pagination.vue": {"path":"/Users/marine/Documents/MAKESENSE/makesense_design-system/src/system/components/molecules/Pagination.vue","statementMap":{"0":{"start":{"line":60,"column":0},"end":{"line":null,"column":-1}},"1":{"start":{"line":70,"column":0},"end":{"line":null,"column":-1}},"2":{"start":{"line":71,"column":0},"end":{"line":null,"column":-1}},"3":{"start":{"line":72,"column":0},"end":{"line":null,"column":-1}},"4":{"start":{"line":75,"column":0},"end":{"line":null,"column":-1}},"5":{"start":{"line":78,"column":0},"end":{"line":null,"column":-1}},"6":{"start":{"line":81,"column":0},"end":{"line":null,"column":-1}},"7":{"start":{"line":82,"column":0},"end":{"line":null,"column":-1}},"8":{"start":{"line":87,"column":0},"end":{"line":null,"column":-1}},"9":{"start":{"line":88,"column":0},"end":{"line":null,"column":-1}},"10":{"start":{"line":93,"column":0},"end":{"line":95,"column":0}},"11":{"start":{"line":94,"column":0},"end":{"line":null,"column":-1}},"12":{"start":{"line":96,"column":0},"end":{"line":102,"column":0}},"13":{"start":{"line":97,"column":0},"end":{"line":null,"column":-1}},"14":{"start":{"line":99,"column":0},"end":{"line":null,"column":-1}},"15":{"start":{"line":100,"column":0},"end":{"line":null,"column":-1}},"16":{"start":{"line":101,"column":0},"end":{"line":null,"column":-1}},"17":{"start":{"line":105,"column":0},"end":{"line":108,"column":0}},"18":{"start":{"line":106,"column":0},"end":{"line":null,"column":-1}},"19":{"start":{"line":107,"column":0},"end":{"line":null,"column":-1}},"20":{"start":{"line":109,"column":0},"end":{"line":null,"column":-1}},"21":{"start":{"line":110,"column":0},"end":{"line":114,"column":0}},"22":{"start":{"line":111,"column":0},"end":{"line":null,"column":-1}},"23":{"start":{"line":113,"column":0},"end":{"line":null,"column":-1}},"24":{"start":{"line":115,"column":0},"end":{"line":null,"column":-1}},"25":{"start":{"line":117,"column":0},"end":{"line":142,"column":0}},"26":{"start":{"line":118,"column":0},"end":{"line":null,"column":-1}},"27":{"start":{"line":119,"column":0},"end":{"line":null,"column":-1}},"28":{"start":{"line":121,"column":0},"end":{"line":133,"column":0}},"29":{"start":{"line":122,"column":0},"end":{"line":null,"column":-1}},"30":{"start":{"line":123,"column":0},"end":{"line":133,"column":0}},"31":{"start":{"line":124,"column":0},"end":{"line":null,"column":-1}},"32":{"start":{"line":126,"column":0},"end":{"line":null,"column":-1}},"33":{"start":{"line":134,"column":0},"end":{"line":142,"column":0}},"34":{"start":{"line":135,"column":0},"end":{"line":null,"column":-1}},"35":{"start":{"line":137,"column":0},"end":{"line":null,"column":-1}},"36":{"start":{"line":145,"column":0},"end":{"line":null,"column":-1}},"37":{"start":{"line":146,"column":0},"end":{"line":148,"column":0}},"38":{"start":{"line":147,"column":0},"end":{"line":null,"column":-1}},"39":{"start":{"line":149,"column":0},"end":{"line":null,"column":-1}},"40":{"start":{"line":152,"column":0},"end":{"line":154,"column":0}},"41":{"start":{"line":153,"column":0},"end":{"line":null,"column":-1}},"42":{"start":{"line":157,"column":0},"end":{"line":159,"column":0}},"43":{"start":{"line":158,"column":0},"end":{"line":null,"column":-1}}},"fnMap":{"0":{"name":"(anonymous_1)","decl":{"start":{"line":60,"column":0},"end":{"line":null,"column":-1}},"loc":{"start":{"line":60,"column":0},"end":{"line":null,"column":-1}}}},"branchMap":{"0":{"loc":{"start":{"line":81,"column":0},"end":{"line":null,"column":-1}},"type":"cond-expr","locations":[{"start":{"line":81,"column":0},"end":{"line":null,"column":-1}},{"start":{"line":81,"column":0},"end":{"line":null,"column":-1}}]},"1":{"loc":{"start":{"line":93,"column":0},"end":{"line":95,"column":0}},"type":"if","locations":[{"start":{"line":93,"column":0},"end":{"line":95,"column":0}},{"start":{"line":93,"column":0},"end":{"line":95,"column":0}}]},"2":{"loc":{"start":{"line":96,"column":0},"end":{"line":102,"column":0}},"type":"if","locations":[{"start":{"line":96,"column":0},"end":{"line":102,"column":0}},{"start":{"line":96,"column":0},"end":{"line":102,"column":0}}]},"3":{"loc":{"start":{"line":100,"column":0},"end":{"line":null,"column":-1}},"type":"cond-expr","locations":[{"start":{"line":100,"column":0},"end":{"line":null,"column":-1}},{"start":{"line":100,"column":0},"end":{"line":null,"column":-1}}]},"4":{"loc":{"start":{"line":105,"column":0},"end":{"line":108,"column":0}},"type":"if","locations":[{"start":{"line":105,"column":0},"end":{"line":108,"column":0}},{"start":{"line":105,"column":0},"end":{"line":108,"column":0}}]},"5":{"loc":{"start":{"line":109,"column":0},"end":{"line":null,"column":-1}},"type":"cond-expr","locations":[{"start":{"line":109,"column":0},"end":{"line":null,"column":-1}},{"start":{"line":109,"column":0},"end":{"line":null,"column":-1}}]},"6":{"loc":{"start":{"line":110,"column":0},"end":{"line":114,"column":0}},"type":"if","locations":[{"start":{"line":110,"column":0},"end":{"line":114,"column":0}},{"start":{"line":110,"column":0},"end":{"line":114,"column":0}}]},"7":{"loc":{"start":{"line":117,"column":0},"end":{"line":142,"column":0}},"type":"if","locations":[{"start":{"line":117,"column":0},"end":{"line":142,"column":0}},{"start":{"line":117,"column":0},"end":{"line":142,"column":0}}]},"8":{"loc":{"start":{"line":117,"column":0},"end":{"line":null,"column":-1}},"type":"binary-expr","locations":[{"start":{"line":117,"column":0},"end":{"line":null,"column":-1}},{"start":{"line":117,"column":0},"end":{"line":null,"column":-1}}]},"9":{"loc":{"start":{"line":121,"column":0},"end":{"line":133,"column":0}},"type":"if","locations":[{"start":{"line":121,"column":0},"end":{"line":133,"column":0}},{"start":{"line":121,"column":0},"end":{"line":133,"column":0}}]},"10":{"loc":{"start":{"line":123,"column":0},"end":{"line":133,"column":0}},"type":"if","locations":[{"start":{"line":123,"column":0},"end":{"line":133,"column":0}},{"start":{"line":123,"column":0},"end":{"line":133,"column":0}}]},"11":{"loc":{"start":{"line":134,"column":0},"end":{"line":142,"column":0}},"type":"if","locations":[{"start":{"line":134,"column":0},"end":{"line":142,"column":0}},{"start":{"line":134,"column":0},"end":{"line":142,"column":0}}]},"12":{"loc":{"start":{"line":152,"column":0},"end":{"line":154,"column":0}},"type":"if","locations":[{"start":{"line":152,"column":0},"end":{"line":154,"column":0}},{"start":{"line":152,"column":0},"end":{"line":154,"column":0}}]},"13":{"loc":{"start":{"line":157,"column":0},"end":{"line":159,"column":0}},"type":"if","locations":[{"start":{"line":157,"column":0},"end":{"line":159,"column":0}},{"start":{"line":157,"column":0},"end":{"line":159,"column":0}}]}},"s":{"0":0,"1":0,"2":0,"3":0,"4":0,"5":0,"6":0,"7":0,"8":0,"9":0,"10":0,"11":0,"12":0,"13":0,"14":0,"15":0,"16":0,"17":0,"18":0,"19":0,"20":0,"21":0,"22":0,"23":0,"24":0,"25":0,"26":0,"27":0,"28":0,"29":0,"30":0,"31":0,"32":0,"33":0,"34":0,"35":0,"36":0,"37":0,"38":0,"39":0,"40":0,"41":0,"42":0,"43":0},"f":{"0":0},"b":{"0":[0,0],"1":[0,0],"2":[0,0],"3":[0,0],"4":[0,0],"5":[0,0],"6":[0,0],"7":[0,0],"8":[0,0],"9":[0,0],"10":[0,0],"11":[0,0],"12":[0,0],"13":[0,0]}}
,"/Users/marine/Documents/MAKESENSE/makesense_design-system/src/system/components/molecules/Sidebar.vue": {"path":"/Users/marine/Documents/MAKESENSE/makesense_design-system/src/system/components/molecules/Sidebar.vue","statementMap":{"0":{"start":{"line":48,"column":0},"end":{"line":null,"column":-1}}},"fnMap":{"0":{"name":"(anonymous_1)","decl":{"start":{"line":42,"column":0},"end":{"line":null,"column":-1}},"loc":{"start":{"line":42,"column":0},"end":{"line":49,"column":0}}}},"branchMap":{},"s":{"0":0},"f":{"0":0},"b":{}}
,"/Users/marine/Documents/MAKESENSE/makesense_design-system/src/system/icons/index.js": {"path":"/Users/marine/Documents/MAKESENSE/makesense_design-system/src/system/icons/index.js","statementMap":{"0":{"start":{"line":2,"column":13},"end":{"line":2,"column":0}},"1":{"start":{"line":2,"column":13},"end":{"line":null,"column":-1}},"2":{"start":{"line":4,"column":18},"end":{"line":4,"column":0}},"3":{"start":{"line":5,"column":14},"end":{"line":5,"column":0}},"4":{"start":{"line":7,"column":0},"end":{"line":null,"column":-1}},"5":{"start":{"line":8,"column":14},"end":{"line":8,"column":2}},"6":{"start":{"line":9,"column":15},"end":{"line":9,"column":2}},"7":{"start":{"line":10,"column":2},"end":{"line":null,"column":-1}},"8":{"start":{"line":11,"column":2},"end":{"line":null,"column":-1}}},"fnMap":{"0":{"name":"(anonymous_0)","decl":{"start":{"line":2,"column":13},"end":{"line":null,"column":-1}},"loc":{"start":{"line":2,"column":13},"end":{"line":2,"column":-1}}},"1":{"name":"(anonymous_4)","decl":{"start":{"line":7,"column":23},"end":{"line":7,"column":25}},"loc":{"start":{"line":7,"column":30},"end":{"line":7,"column":0}}}},"branchMap":{},"s":{"0":0,"1":0,"2":0,"3":0,"4":0,"5":0,"6":0,"7":0,"8":0},"f":{"0":0,"1":0},"b":{}}
,"/Users/marine/Documents/MAKESENSE/makesense_design-system/src/system/mixins/index.js": {"path":"/Users/marine/Documents/MAKESENSE/makesense_design-system/src/system/mixins/index.js","statementMap":{"0":{"start":{"line":1,"column":0},"end":{"line":null,"column":-1}}},"fnMap":{},"branchMap":{},"s":{"0":0},"f":{},"b":{}}
,"/Users/marine/Documents/MAKESENSE/makesense_design-system/src/system/mixins/media-query.js": {"path":"/Users/marine/Documents/MAKESENSE/makesense_design-system/src/system/mixins/media-query.js","statementMap":{"0":{"start":{"line":1,"column":0},"end":{"line":null,"column":-1}},"1":{"start":{"line":3,"column":19},"end":{"line":3,"column":0}},"2":{"start":{"line":9,"column":2},"end":{"line":null,"column":-1}},"3":{"start":{"line":14,"column":2},"end":{"line":null,"column":-1}},"4":{"start":{"line":20,"column":11},"end":{"line":20,"column":0}},"5":{"start":{"line":23,"column":2},"end":{"line":25,"column":3}},"6":{"start":{"line":24,"column":4},"end":{"line":null,"column":-1}},"7":{"start":{"line":26,"column":2},"end":{"line":35,"column":3}},"8":{"start":{"line":27,"column":4},"end":{"line":30,"column":5}},"9":{"start":{"line":28,"column":6},"end":{"line":null,"column":-1}},"10":{"start":{"line":29,"column":6},"end":{"line":29,"column":22}},"11":{"start":{"line":31,"column":4},"end":{"line":null,"column":-1}},"12":{"start":{"line":33,"column":4},"end":{"line":null,"column":-1}},"13":{"start":{"line":34,"column":4},"end":{"line":null,"column":-1}},"14":{"start":{"line":43,"column":4},"end":{"line":null,"column":-1}},"15":{"start":{"line":49,"column":6},"end":{"line":49,"column":18}},"16":{"start":{"line":50,"column":6},"end":{"line":52,"column":7}},"17":{"start":{"line":51,"column":8},"end":{"line":null,"column":-1}},"18":{"start":{"line":53,"column":19},"end":{"line":53,"column":6}},"19":{"start":{"line":54,"column":6},"end":{"line":null,"column":-1}},"20":{"start":{"line":57,"column":24},"end":{"line":57,"column":10}},"21":{"start":{"line":58,"column":10},"end":{"line":61,"column":11}},"22":{"start":{"line":59,"column":12},"end":{"line":null,"column":-1}},"23":{"start":{"line":60,"column":12},"end":{"line":null,"column":-1}},"24":{"start":{"line":63,"column":6},"end":{"line":null,"column":-1}}},"fnMap":{"0":{"name":"updateWindowSize","decl":{"start":{"line":8,"column":9},"end":{"line":8,"column":0}},"loc":{"start":{"line":8,"column":28},"end":{"line":18,"column":1}}},"1":{"name":"initListener","decl":{"start":{"line":22,"column":9},"end":{"line":22,"column":0}},"loc":{"start":{"line":22,"column":24},"end":{"line":36,"column":1}}},"2":{"name":"(anonymous_2)","decl":{"start":{"line":56,"column":14},"end":{"line":56,"column":16}},"loc":{"start":{"line":56,"column":21},"end":{"line":54,"column":6}}}},"branchMap":{"0":{"loc":{"start":{"line":10,"column":4},"end":{"line":10,"column":3}},"type":"binary-expr","locations":[{"start":{"line":10,"column":4},"end":{"line":10,"column":3}},{"start":{"line":11,"column":4},"end":{"line":10,"column":4}},{"start":{"line":12,"column":4},"end":{"line":9,"column":2}}]},"1":{"loc":{"start":{"line":15,"column":4},"end":{"line":15,"column":3}},"type":"binary-expr","locations":[{"start":{"line":15,"column":4},"end":{"line":15,"column":3}},{"start":{"line":16,"column":4},"end":{"line":15,"column":4}},{"start":{"line":17,"column":4},"end":{"line":14,"column":2}}]},"2":{"loc":{"start":{"line":23,"column":2},"end":{"line":25,"column":3}},"type":"if","locations":[{"start":{"line":23,"column":2},"end":{"line":25,"column":3}},{"start":{"line":23,"column":2},"end":{"line":25,"column":3}}]},"3":{"loc":{"start":{"line":27,"column":4},"end":{"line":30,"column":5}},"type":"if","locations":[{"start":{"line":27,"column":4},"end":{"line":30,"column":5}},{"start":{"line":27,"column":4},"end":{"line":30,"column":5}}]},"4":{"loc":{"start":{"line":27,"column":8},"end":{"line":27,"column":14}},"type":"binary-expr","locations":[{"start":{"line":27,"column":8},"end":{"line":27,"column":14}},{"start":{"line":27,"column":18},"end":{"line":27,"column":4}}]},"5":{"loc":{"start":{"line":50,"column":6},"end":{"line":52,"column":7}},"type":"if","locations":[{"start":{"line":50,"column":6},"end":{"line":52,"column":7}},{"start":{"line":50,"column":6},"end":{"line":52,"column":7}}]},"6":{"loc":{"start":{"line":50,"column":10},"end":{"line":50,"column":9}},"type":"binary-expr","locations":[{"start":{"line":50,"column":10},"end":{"line":50,"column":9}},{"start":{"line":50,"column":26},"end":{"line":50,"column":6}}]},"7":{"loc":{"start":{"line":58,"column":10},"end":{"line":61,"column":11}},"type":"if","locations":[{"start":{"line":58,"column":10},"end":{"line":61,"column":11}},{"start":{"line":58,"column":10},"end":{"line":61,"column":11}}]},"8":{"loc":{"start":{"line":58,"column":14},"end":{"line":58,"column":13}},"type":"binary-expr","locations":[{"start":{"line":58,"column":14},"end":{"line":58,"column":13}},{"start":{"line":58,"column":58},"end":{"line":58,"column":10}}]}},"s":{"0":0,"1":0,"2":0,"3":0,"4":0,"5":0,"6":0,"7":0,"8":0,"9":0,"10":0,"11":0,"12":0,"13":0,"14":0,"15":0,"16":0,"17":0,"18":0,"19":0,"20":0,"21":0,"22":0,"23":0,"24":0},"f":{"0":0,"1":0,"2":0},"b":{"0":[0,0,0],"1":[0,0,0],"2":[0,0],"3":[0,0],"4":[0,0],"5":[0,0],"6":[0,0],"7":[0,0],"8":[0,0]}}
,"/Users/marine/Documents/MAKESENSE/makesense_design-system/src/system/plugins/filters.js": {"path":"/Users/marine/Documents/MAKESENSE/makesense_design-system/src/system/plugins/filters.js","statementMap":{"0":{"start":{"line":1,"column":0},"end":{"line":null,"column":-1}},"1":{"start":{"line":2,"column":0},"end":{"line":null,"column":-1}},"2":{"start":{"line":3,"column":0},"end":{"line":null,"column":-1}},"3":{"start":{"line":7,"column":4},"end":{"line":null,"column":-1}},"4":{"start":{"line":8,"column":4},"end":{"line":null,"column":-1}},"5":{"start":{"line":9,"column":4},"end":{"line":null,"column":-1}}},"fnMap":{},"branchMap":{},"s":{"0":0,"1":0,"2":0,"3":0,"4":0,"5":0},"f":{},"b":{}}
,"/Users/marine/Documents/MAKESENSE/makesense_design-system/src/system/plugins/index.js": {"path":"/Users/marine/Documents/MAKESENSE/makesense_design-system/src/system/plugins/index.js","statementMap":{"0":{"start":{"line":1,"column":0},"end":{"line":null,"column":-1}},"1":{"start":{"line":2,"column":0},"end":{"line":null,"column":-1}},"2":{"start":{"line":3,"column":0},"end":{"line":null,"column":-1}},"3":{"start":{"line":7,"column":4},"end":{"line":null,"column":-1}},"4":{"start":{"line":8,"column":4},"end":{"line":null,"column":-1}},"5":{"start":{"line":9,"column":4},"end":{"line":null,"column":-1}}},"fnMap":{},"branchMap":{},"s":{"0":0,"1":0,"2":0,"3":0,"4":0,"5":0},"f":{},"b":{}}
,"/Users/marine/Documents/MAKESENSE/makesense_design-system/src/system/plugins/themer.js": {"path":"/Users/marine/Documents/MAKESENSE/makesense_design-system/src/system/plugins/themer.js","statementMap":{"0":{"start":{"line":1,"column":0},"end":{"line":null,"column":-1}},"1":{"start":{"line":3,"column":17},"end":{"line":3,"column":0}},"2":{"start":{"line":7,"column":4},"end":{"line":null,"column":-1}},"3":{"start":{"line":8,"column":6},"end":{"line":10,"column":7}},"4":{"start":{"line":9,"column":8},"end":{"line":null,"column":-1}},"5":{"start":{"line":11,"column":6},"end":{"line":15,"column":7}},"6":{"start":{"line":13,"column":8},"end":{"line":null,"column":-1}},"7":{"start":{"line":14,"column":8},"end":{"line":null,"column":-1}},"8":{"start":{"line":16,"column":20},"end":{"line":16,"column":6}},"9":{"start":{"line":17,"column":6},"end":{"line":null,"column":-1}},"10":{"start":{"line":22,"column":17},"end":{"line":22,"column":0}},"11":{"start":{"line":23,"column":2},"end":{"line":26,"column":3}},"12":{"start":{"line":24,"column":4},"end":{"line":null,"column":-1}},"13":{"start":{"line":25,"column":4},"end":{"line":null,"column":-1}},"14":{"start":{"line":27,"column":20},"end":{"line":27,"column":2}},"15":{"start":{"line":29,"column":6},"end":{"line":null,"column":-1}},"16":{"start":{"line":32,"column":2},"end":{"line":null,"column":-1}},"17":{"start":{"line":38,"column":0},"end":{"line":40,"column":1}},"18":{"start":{"line":39,"column":2},"end":{"line":null,"column":-1}}},"fnMap":{"0":{"name":"(anonymous_0)","decl":{"start":{"line":7,"column":31},"end":{"line":7,"column":34}},"loc":{"start":{"line":7,"column":39},"end":{"line":7,"column":4}}},"1":{"name":"(anonymous_1)","decl":{"start":{"line":22,"column":17},"end":{"line":22,"column":21}},"loc":{"start":{"line":22,"column":26},"end":{"line":22,"column":0}}},"2":{"name":"(anonymous_2)","decl":{"start":{"line":28,"column":9},"end":{"line":28,"column":11}},"loc":{"start":{"line":28,"column":16},"end":{"line":27,"column":20}}}},"branchMap":{"0":{"loc":{"start":{"line":8,"column":6},"end":{"line":10,"column":7}},"type":"if","locations":[{"start":{"line":8,"column":6},"end":{"line":10,"column":7}},{"start":{"line":8,"column":6},"end":{"line":10,"column":7}}]},"1":{"loc":{"start":{"line":11,"column":6},"end":{"line":15,"column":7}},"type":"if","locations":[{"start":{"line":11,"column":6},"end":{"line":15,"column":7}},{"start":{"line":11,"column":6},"end":{"line":15,"column":7}}]},"2":{"loc":{"start":{"line":23,"column":2},"end":{"line":26,"column":3}},"type":"if","locations":[{"start":{"line":23,"column":2},"end":{"line":26,"column":3}},{"start":{"line":23,"column":2},"end":{"line":26,"column":3}}]},"3":{"loc":{"start":{"line":38,"column":0},"end":{"line":40,"column":1}},"type":"if","locations":[{"start":{"line":38,"column":0},"end":{"line":40,"column":1}},{"start":{"line":38,"column":0},"end":{"line":40,"column":1}}]}},"s":{"0":0,"1":0,"2":0,"3":0,"4":0,"5":0,"6":0,"7":0,"8":0,"9":0,"10":0,"11":0,"12":0,"13":0,"14":0,"15":0,"16":0,"17":0,"18":0},"f":{"0":0,"1":0,"2":0},"b":{"0":[0,0],"1":[0,0],"2":[0,0],"3":[0,0]}}
,"/Users/marine/Documents/MAKESENSE/makesense_design-system/src/system/plugins/utils.js": {"path":"/Users/marine/Documents/MAKESENSE/makesense_design-system/src/system/plugins/utils.js","statementMap":{"0":{"start":{"line":1,"column":0},"end":{"line":null,"column":-1}},"1":{"start":{"line":5,"column":4},"end":{"line":null,"column":-1}},"2":{"start":{"line":8,"column":10},"end":{"line":null,"column":-1}}},"fnMap":{},"branchMap":{},"s":{"0":0,"1":0,"2":0},"f":{},"b":{}}
,"/Users/marine/Documents/MAKESENSE/makesense_design-system/src/system/tokens/index.js": {"path":"/Users/marine/Documents/MAKESENSE/makesense_design-system/src/system/tokens/index.js","statementMap":{"0":{"start":{"line":1,"column":0},"end":{"line":null,"column":-1}},"1":{"start":{"line":2,"column":0},"end":{"line":null,"column":-1}},"2":{"start":{"line":4,"column":18},"end":{"line":4,"column":0}},"3":{"start":{"line":4,"column":18},"end":{"line":null,"column":-1}},"4":{"start":{"line":5,"column":15},"end":{"line":5,"column":0}},"5":{"start":{"line":6,"column":17},"end":{"line":6,"column":0}},"6":{"start":{"line":7,"column":0},"end":{"line":null,"column":-1}},"7":{"start":{"line":8,"column":16},"end":{"line":8,"column":2}},"8":{"start":{"line":9,"column":15},"end":{"line":9,"column":2}},"9":{"start":{"line":13,"column":2},"end":{"line":null,"column":-1}},"10":{"start":{"line":14,"column":2},"end":{"line":null,"column":-1}},"11":{"start":{"line":17,"column":29},"end":{"line":17,"column":0}},"12":{"start":{"line":19,"column":18},"end":{"line":19,"column":4}},"13":{"start":{"line":20,"column":17},"end":{"line":20,"column":4}},"14":{"start":{"line":21,"column":21},"end":{"line":21,"column":4}},"15":{"start":{"line":22,"column":4},"end":{"line":24,"column":5}},"16":{"start":{"line":23,"column":6},"end":{"line":null,"column":-1}},"17":{"start":{"line":26,"column":4},"end":{"line":null,"column":-1}},"18":{"start":{"line":28,"column":4},"end":{"line":null,"column":-1}},"19":{"start":{"line":29,"column":4},"end":{"line":null,"column":-1}},"20":{"start":{"line":30,"column":4},"end":{"line":null,"column":-1}}},"fnMap":{"0":{"name":"(anonymous_0)","decl":{"start":{"line":4,"column":18},"end":{"line":null,"column":-1}},"loc":{"start":{"line":4,"column":18},"end":{"line":4,"column":-1}}},"1":{"name":"(anonymous_4)","decl":{"start":{"line":7,"column":28},"end":{"line":7,"column":30}},"loc":{"start":{"line":7,"column":35},"end":{"line":7,"column":0}}},"2":{"name":"(anonymous_5)","decl":{"start":{"line":18,"column":2},"end":{"line":18,"column":3}},"loc":{"start":{"line":18,"column":33},"end":{"line":17,"column":29}}}},"branchMap":{"0":{"loc":{"start":{"line":22,"column":4},"end":{"line":24,"column":5}},"type":"if","locations":[{"start":{"line":22,"column":4},"end":{"line":24,"column":5}},{"start":{"line":22,"column":4},"end":{"line":24,"column":5}}]}},"s":{"0":0,"1":0,"2":0,"3":0,"4":0,"5":0,"6":0,"7":0,"8":0,"9":0,"10":0,"11":0,"12":0,"13":0,"14":0,"15":0,"16":0,"17":0,"18":0,"19":0,"20":0},"f":{"0":0,"1":0,"2":0},"b":{"0":[0,0]}}
,"/Users/marine/Documents/MAKESENSE/makesense_design-system/src/system/utils/index.js": {"path":"/Users/marine/Documents/MAKESENSE/makesense_design-system/src/system/utils/index.js","statementMap":{"0":{"start":{"line":1,"column":0},"end":{"line":null,"column":-1}},"1":{"start":{"line":2,"column":0},"end":{"line":null,"column":-1}},"2":{"start":{"line":4,"column":17},"end":{"line":4,"column":0}},"3":{"start":{"line":5,"column":20},"end":{"line":5,"column":2}},"4":{"start":{"line":6,"column":2},"end":{"line":null,"column":-1}}},"fnMap":{"0":{"name":"(anonymous_0)","decl":{"start":{"line":4,"column":17},"end":{"line":4,"column":21}},"loc":{"start":{"line":4,"column":26},"end":{"line":4,"column":0}}}},"branchMap":{"0":{"loc":{"start":{"line":7,"column":6},"end":{"line":6,"column":9}},"type":"cond-expr","locations":[{"start":{"line":7,"column":6},"end":{"line":6,"column":9}},{"start":{"line":8,"column":6},"end":{"line":6,"column":2}}]}},"s":{"0":0,"1":0,"2":0,"3":0,"4":0},"f":{"0":0},"b":{"0":[0,0]}}
}
