TN:
SF:/Users/marine/Documents/MAKESENSE/makesense_design-system/src/system/index.js
FNF:0
FNH:0
DA:1,0
DA:2,0
DA:3,0
DA:4,0
DA:5,0
DA:6,0
DA:10,0
DA:11,0
DA:13,0
DA:14,0
DA:15,0
LF:11
LH:0
BRF:0
BRH:0
end_of_record
TN:
SF:/Users/marine/Documents/MAKESENSE/makesense_design-system/src/system/components/index.js
FN:2,(anonymous_0)
FN:4,(anonymous_4)
FN:13,(anonymous_8)
FN:45,(anonymous_9)
FN:60,(anonymous_10)
FNF:5
FNH:0
FNDA:0,(anonymous_0)
FNDA:0,(anonymous_4)
FNDA:0,(anonymous_8)
FNDA:0,(anonymous_9)
FNDA:0,(anonymous_10)
DA:2,0
DA:4,0
DA:10,0
DA:11,0
DA:12,0
DA:14,0
DA:15,0
DA:16,0
DA:18,0
DA:19,0
DA:23,0
DA:26,0
DA:27,0
DA:28,0
DA:36,0
DA:37,0
DA:40,0
DA:41,0
DA:45,0
DA:46,0
DA:47,0
DA:48,0
DA:50,0
DA:51,0
DA:53,0
DA:60,0
LF:26
LH:0
BRDA:18,0,0,0
BRDA:18,0,1,0
BRDA:23,1,0,0
BRDA:23,1,1,0
BRDA:26,2,0,0
BRDA:26,2,1,0
BRDA:27,3,0,0
BRDA:27,3,1,0
BRDA:40,4,0,0
BRDA:40,4,1,0
BRDA:47,5,0,0
BRDA:47,5,1,0
BRDA:47,6,0,0
BRDA:47,6,1,0
BRDA:50,7,0,0
BRDA:50,7,1,0
BRF:16
BRH:0
end_of_record
TN:
SF:/Users/marine/Documents/MAKESENSE/makesense_design-system/src/system/components/atoms/Avatar.vue
FN:26,(anonymous_1)
FNF:1
FNH:0
FNDA:0,(anonymous_1)
DA:27,0
LF:1
LH:0
BRF:0
BRH:0
end_of_record
TN:
SF:/Users/marine/Documents/MAKESENSE/makesense_design-system/src/system/components/atoms/Button.vue
FN:44,(anonymous_1)
FN:82,(anonymous_2)
FN:104,(anonymous_3)
FN:111,(anonymous_4)
FN:120,(anonymous_5)
FN:131,(anonymous_6)
FN:145,(anonymous_7)
FNF:7
FNH:0
FNDA:0,(anonymous_1)
FNDA:0,(anonymous_2)
FNDA:0,(anonymous_3)
FNDA:0,(anonymous_4)
FNDA:0,(anonymous_5)
FNDA:0,(anonymous_6)
FNDA:0,(anonymous_7)
DA:45,0
DA:83,0
DA:105,0
DA:112,0
DA:118,0
DA:120,0
DA:121,0
DA:124,0
DA:133,0
DA:142,0
DA:145,0
DA:146,0
DA:147,0
LF:13
LH:0
BRF:0
BRH:0
end_of_record
TN:
SF:/Users/marine/Documents/MAKESENSE/makesense_design-system/src/system/components/atoms/DateNumber.vue
FN:31,(anonymous_1)
FNF:1
FNH:0
FNDA:0,(anonymous_1)
DA:32,0
LF:1
LH:0
BRF:0
BRH:0
end_of_record
TN:
SF:/Users/marine/Documents/MAKESENSE/makesense_design-system/src/system/components/atoms/FieldError.vue
FN:19,(anonymous_1)
FNF:1
FNH:0
FNDA:0,(anonymous_1)
DA:20,0
DA:21,0
DA:23,0
LF:3
LH:0
BRDA:20,0,0,0
BRDA:20,0,1,0
BRDA:21,1,0,0
BRDA:21,1,1,0
BRF:4
BRH:0
end_of_record
TN:
SF:/Users/marine/Documents/MAKESENSE/makesense_design-system/src/system/components/atoms/FieldLabel.vue
FN:47,(anonymous_1)
FNF:1
FNH:0
FNDA:0,(anonymous_1)
DA:48,0
LF:1
LH:0
BRF:0
BRH:0
end_of_record
TN:
SF:/Users/marine/Documents/MAKESENSE/makesense_design-system/src/system/components/atoms/Heading.vue
FN:29,(anonymous_1)
FN:40,(anonymous_2)
FN:52,(anonymous_3)
FNF:3
FNH:0
FNDA:0,(anonymous_1)
FNDA:0,(anonymous_2)
FNDA:0,(anonymous_3)
DA:30,0
DA:41,0
DA:53,0
LF:3
LH:0
BRF:0
BRH:0
end_of_record
TN:
SF:/Users/marine/Documents/MAKESENSE/makesense_design-system/src/system/components/atoms/Icon.vue
FN:100,(anonymous_1)
FN:109,(anonymous_2)
FNF:2
FNH:0
FNDA:0,(anonymous_1)
FNDA:0,(anonymous_2)
DA:25,0
DA:26,0
DA:28,0
DA:89,0
DA:95,0
DA:96,0
DA:101,0
DA:102,0
DA:103,0
DA:104,0
DA:105,0
DA:106,0
DA:110,0
DA:112,0
DA:114,0
DA:116,0
DA:118,0
DA:120,0
DA:122,0
DA:124,0
DA:126,0
DA:128,0
DA:130,0
DA:132,0
DA:134,0
DA:136,0
DA:138,0
DA:140,0
DA:142,0
DA:144,0
DA:146,0
DA:148,0
DA:150,0
LF:33
LH:0
BRDA:95,0,0,0
BRDA:95,0,1,0
BRDA:101,1,0,0
BRDA:101,1,1,0
BRDA:102,2,0,0
BRDA:102,2,1,0
BRDA:103,3,0,0
BRDA:103,3,1,0
BRDA:104,4,0,0
BRDA:104,4,1,0
BRDA:105,5,0,0
BRDA:105,5,1,0
BRDA:111,6,0,0
BRDA:111,6,1,0
BRDA:111,6,2,0
BRDA:111,6,3,0
BRDA:111,6,4,0
BRDA:111,6,5,0
BRDA:111,6,6,0
BRDA:111,6,7,0
BRDA:111,6,8,0
BRDA:111,6,9,0
BRDA:111,6,10,0
BRDA:111,6,11,0
BRDA:111,6,12,0
BRDA:111,6,13,0
BRDA:111,6,14,0
BRDA:111,6,15,0
BRDA:111,6,16,0
BRDA:111,6,17,0
BRDA:111,6,18,0
BRDA:111,6,19,0
BRF:32
BRH:0
end_of_record
TN:
SF:/Users/marine/Documents/MAKESENSE/makesense_design-system/src/system/components/atoms/Link.vue
FNF:0
FNH:0
DA:34,0
DA:40,0
DA:42,0
DA:43,0
DA:45,0
LF:5
LH:0
BRDA:34,0,0,0
BRDA:34,0,1,0
BRDA:34,1,0,0
BRDA:34,1,1,0
BRDA:34,1,2,0
BRDA:34,1,3,0
BRDA:42,2,0,0
BRDA:42,2,1,0
BRF:8
BRH:0
end_of_record
TN:
SF:/Users/marine/Documents/MAKESENSE/makesense_design-system/src/system/components/atoms/Loading.vue
FN:52,(anonymous_1)
FN:88,(anonymous_2)
FNF:2
FNH:0
FNDA:0,(anonymous_1)
FNDA:0,(anonymous_2)
DA:34,0
DA:53,0
DA:89,0
LF:3
LH:0
BRF:0
BRH:0
end_of_record
TN:
SF:/Users/marine/Documents/MAKESENSE/makesense_design-system/src/system/components/atoms/Tab.vue
FN:35,(anonymous_1)
FNF:1
FNH:0
FNDA:0,(anonymous_1)
DA:36,0
LF:1
LH:0
BRF:0
BRH:0
end_of_record
TN:
SF:/Users/marine/Documents/MAKESENSE/makesense_design-system/src/system/components/atoms/Tag.vue
FN:33,(anonymous_1)
FN:54,(anonymous_2)
FN:78,(anonymous_3)
FN:104,(anonymous_4)
FNF:4
FNH:0
FNDA:0,(anonymous_1)
FNDA:0,(anonymous_2)
FNDA:0,(anonymous_3)
FNDA:0,(anonymous_4)
DA:34,0
DA:55,0
DA:79,0
DA:93,0
DA:96,0
DA:97,0
DA:99,0
DA:105,0
LF:8
LH:0
BRDA:93,0,0,0
BRDA:93,0,1,0
BRDA:96,1,0,0
BRDA:96,1,1,0
BRDA:97,2,0,0
BRDA:97,2,1,0
BRDA:99,3,0,0
BRDA:99,3,1,0
BRF:8
BRH:0
end_of_record
TN:
SF:/Users/marine/Documents/MAKESENSE/makesense_design-system/src/system/components/atoms/Text.vue
FN:42,(anonymous_1)
FN:65,(anonymous_2)
FN:73,(anonymous_3)
FN:81,(anonymous_4)
FN:101,(anonymous_5)
FNF:5
FNH:0
FNDA:0,(anonymous_1)
FNDA:0,(anonymous_2)
FNDA:0,(anonymous_3)
FNDA:0,(anonymous_4)
FNDA:0,(anonymous_5)
DA:43,0
DA:66,0
DA:74,0
DA:82,0
DA:102,0
LF:5
LH:0
BRF:0
BRH:0
end_of_record
TN:
SF:/Users/marine/Documents/MAKESENSE/makesense_design-system/src/system/components/atoms/alert/Alert.vue
FN:22,(anonymous_1)
FNF:1
FNH:1
FNDA:2,(anonymous_1)
DA:23,2
LF:1
LH:1
BRF:0
BRH:0
end_of_record
TN:
SF:/Users/marine/Documents/MAKESENSE/makesense_design-system/src/system/components/layouts/HorizontalList.vue
FN:25,(anonymous_1)
FNF:1
FNH:0
FNDA:0,(anonymous_1)
DA:26,0
LF:1
LH:0
BRF:0
BRH:0
end_of_record
TN:
SF:/Users/marine/Documents/MAKESENSE/makesense_design-system/src/system/components/molecules/Card.vue
FN:54,(anonymous_1)
FN:106,(anonymous_2)
FN:150,(anonymous_3)
FNF:3
FNH:0
FNDA:0,(anonymous_1)
FNDA:0,(anonymous_2)
FNDA:0,(anonymous_3)
DA:55,0
DA:107,0
DA:151,0
DA:163,0
LF:4
LH:0
BRF:0
BRH:0
end_of_record
TN:
SF:/Users/marine/Documents/MAKESENSE/makesense_design-system/src/system/components/molecules/EventLineCard.vue
FN:105,(anonymous_1)
FNF:1
FNH:0
FNDA:0,(anonymous_1)
DA:108,0
DA:113,0
DA:116,0
DA:119,0
DA:122,0
LF:5
LH:0
BRDA:116,0,0,0
BRDA:116,0,1,0
BRDA:119,1,0,0
BRDA:119,1,1,0
BRF:4
BRH:0
end_of_record
TN:
SF:/Users/marine/Documents/MAKESENSE/makesense_design-system/src/system/components/molecules/Field.vue
FN:258,(anonymous_1)
FN:306,(anonymous_2)
FN:318,(anonymous_3)
FN:329,(anonymous_4)
FN:335,(anonymous_5)
FN:338,(anonymous_6)
FN:342,(anonymous_7)
FN:350,(anonymous_8)
FN:354,(anonymous_9)
FN:362,(anonymous_10)
FN:380,(anonymous_11)
FN:384,(anonymous_12)
FN:425,(anonymous_13)
FN:441,(anonymous_14)
FN:449,(anonymous_15)
FN:456,(anonymous_16)
FN:474,(anonymous_17)
FNF:17
FNH:0
FNDA:0,(anonymous_1)
FNDA:0,(anonymous_2)
FNDA:0,(anonymous_3)
FNDA:0,(anonymous_4)
FNDA:0,(anonymous_5)
FNDA:0,(anonymous_6)
FNDA:0,(anonymous_7)
FNDA:0,(anonymous_8)
FNDA:0,(anonymous_9)
FNDA:0,(anonymous_10)
FNDA:0,(anonymous_11)
FNDA:0,(anonymous_12)
FNDA:0,(anonymous_13)
FNDA:0,(anonymous_14)
FNDA:0,(anonymous_15)
FNDA:0,(anonymous_16)
FNDA:0,(anonymous_17)
DA:259,0
DA:307,0
DA:319,0
DA:330,0
DA:336,0
DA:339,0
DA:343,0
DA:351,0
DA:355,0
DA:363,0
DA:365,0
DA:366,0
DA:370,0
DA:373,0
DA:375,0
DA:377,0
DA:381,0
DA:385,0
DA:397,0
DA:398,0
DA:400,0
DA:404,0
DA:412,0
DA:413,0
DA:414,0
DA:418,0
DA:423,0
DA:431,0
DA:443,0
DA:444,0
DA:445,0
DA:447,0
DA:450,0
DA:452,0
DA:457,0
DA:465,0
DA:469,0
DA:471,0
DA:474,0
LF:39
LH:0
BRDA:351,0,0,0
BRDA:351,0,1,0
BRDA:355,1,0,0
BRDA:355,1,1,0
BRDA:355,2,0,0
BRDA:355,2,1,0
BRDA:355,2,2,0
BRDA:365,3,0,0
BRDA:365,3,1,0
BRDA:365,4,0,0
BRDA:365,4,1,0
BRDA:370,5,0,0
BRDA:370,5,1,0
BRDA:373,6,0,0
BRDA:373,6,1,0
BRDA:375,7,0,0
BRDA:375,7,1,0
BRDA:397,8,0,0
BRDA:397,8,1,0
BRDA:400,9,0,0
BRDA:400,9,1,0
BRDA:404,10,0,0
BRDA:404,10,1,0
BRDA:412,11,0,0
BRDA:412,11,1,0
BRDA:418,12,0,0
BRDA:418,12,1,0
BRDA:444,13,0,0
BRDA:444,13,1,0
BRDA:445,14,0,0
BRDA:445,14,1,0
BRDA:450,15,0,0
BRDA:450,15,1,0
BRDA:452,16,0,0
BRDA:452,16,1,0
BRDA:457,17,0,0
BRDA:457,17,1,0
BRDA:471,18,0,0
BRDA:471,18,1,0
BRDA:474,19,0,0
BRDA:474,19,1,0
BRF:41
BRH:0
end_of_record
TN:
SF:/Users/marine/Documents/MAKESENSE/makesense_design-system/src/system/components/molecules/FieldEditor.vue
FN:43,(anonymous_1)
FN:52,(anonymous_2)
FN:62,(anonymous_3)
FN:67,(anonymous_4)
FN:70,(anonymous_5)
FNF:5
FNH:0
FNDA:0,(anonymous_1)
FNDA:0,(anonymous_2)
FNDA:0,(anonymous_3)
FNDA:0,(anonymous_4)
FNDA:0,(anonymous_5)
DA:44,0
DA:50,0
DA:53,0
DA:63,0
DA:68,0
DA:71,0
LF:6
LH:0
BRDA:53,0,0,0
BRDA:53,0,1,0
BRDA:53,1,0,0
BRDA:53,1,1,0
BRDA:53,1,2,0
BRF:5
BRH:0
end_of_record
TN:
SF:/Users/marine/Documents/MAKESENSE/makesense_design-system/src/system/components/molecules/FieldUpload.vue
FN:133,(anonymous_1)
FN:138,(anonymous_2)
FN:144,(anonymous_3)
FN:150,(anonymous_4)
FN:156,(anonymous_5)
FN:166,(anonymous_6)
FN:178,(anonymous_7)
FN:197,(anonymous_8)
FN:209,(anonymous_9)
FN:213,(anonymous_10)
FNF:10
FNH:0
FNDA:0,(anonymous_1)
FNDA:0,(anonymous_2)
FNDA:0,(anonymous_3)
FNDA:0,(anonymous_4)
FNDA:0,(anonymous_5)
FNDA:0,(anonymous_6)
FNDA:0,(anonymous_7)
FNDA:0,(anonymous_8)
FNDA:0,(anonymous_9)
FNDA:0,(anonymous_10)
DA:134,0
DA:139,0
DA:145,0
DA:151,0
DA:152,0
DA:154,0
DA:157,0
DA:158,0
DA:159,0
DA:161,0
DA:164,0
DA:167,0
DA:168,0
DA:169,0
DA:171,0
DA:174,0
DA:179,0
DA:181,0
DA:182,0
DA:188,0
DA:191,0
DA:195,0
DA:197,0
DA:198,0
DA:201,0
DA:204,0
DA:205,0
DA:210,0
DA:214,0
DA:215,0
DA:216,0
LF:31
LH:0
BRDA:145,0,0,0
BRDA:145,0,1,0
BRDA:152,1,0,0
BRDA:152,1,1,0
BRDA:157,2,0,0
BRDA:157,2,1,0
BRDA:158,3,0,0
BRDA:158,3,1,0
BRDA:158,4,0,0
BRDA:158,4,1,0
BRDA:167,5,0,0
BRDA:167,5,1,0
BRDA:168,6,0,0
BRDA:168,6,1,0
BRDA:168,7,0,0
BRDA:168,7,1,0
BRDA:181,8,0,0
BRDA:181,8,1,0
BRDA:191,9,0,0
BRDA:191,9,1,0
BRDA:191,10,0,0
BRDA:191,10,1,0
BRF:22
BRH:0
end_of_record
TN:
SF:/Users/marine/Documents/MAKESENSE/makesense_design-system/src/system/components/molecules/IconActionCard.vue
FN:70,(anonymous_1)
FN:121,(anonymous_2)
FN:137,(anonymous_3)
FNF:3
FNH:0
FNDA:0,(anonymous_1)
FNDA:0,(anonymous_2)
FNDA:0,(anonymous_3)
DA:71,0
DA:122,0
DA:138,0
DA:156,0
DA:162,0
DA:167,0
LF:6
LH:0
BRF:0
BRH:0
end_of_record
TN:
SF:/Users/marine/Documents/MAKESENSE/makesense_design-system/src/system/components/molecules/IconHeader.vue
FN:56,(anonymous_1)
FN:71,(anonymous_2)
FNF:2
FNH:0
FNDA:0,(anonymous_1)
FNDA:0,(anonymous_2)
DA:56,0
DA:71,0
LF:2
LH:0
BRF:0
BRH:0
end_of_record
TN:
SF:/Users/marine/Documents/MAKESENSE/makesense_design-system/src/system/components/molecules/Modal.vue
FN:51,(anonymous_1)
FN:56,(anonymous_2)
FN:65,(anonymous_3)
FNF:3
FNH:0
FNDA:0,(anonymous_1)
FNDA:0,(anonymous_2)
FNDA:0,(anonymous_3)
DA:52,0
DA:57,0
DA:62,0
DA:66,0
LF:4
LH:0
BRF:0
BRH:0
end_of_record
TN:
SF:/Users/marine/Documents/MAKESENSE/makesense_design-system/src/system/components/molecules/Pagination.vue
FN:60,(anonymous_1)
FNF:1
FNH:0
FNDA:0,(anonymous_1)
DA:60,0
DA:70,0
DA:71,0
DA:72,0
DA:75,0
DA:78,0
DA:81,0
DA:82,0
DA:87,0
DA:88,0
DA:93,0
DA:94,0
DA:96,0
DA:97,0
DA:99,0
DA:100,0
DA:101,0
DA:105,0
DA:106,0
DA:107,0
DA:109,0
DA:110,0
DA:111,0
DA:113,0
DA:115,0
DA:117,0
DA:118,0
DA:119,0
DA:121,0
DA:122,0
DA:123,0
DA:124,0
DA:126,0
DA:134,0
DA:135,0
DA:137,0
DA:145,0
DA:146,0
DA:147,0
DA:149,0
DA:152,0
DA:153,0
DA:157,0
DA:158,0
LF:44
LH:0
BRDA:81,0,0,0
BRDA:81,0,1,0
BRDA:93,1,0,0
BRDA:93,1,1,0
BRDA:96,2,0,0
BRDA:96,2,1,0
BRDA:100,3,0,0
BRDA:100,3,1,0
BRDA:105,4,0,0
BRDA:105,4,1,0
BRDA:109,5,0,0
BRDA:109,5,1,0
BRDA:110,6,0,0
BRDA:110,6,1,0
BRDA:117,7,0,0
BRDA:117,7,1,0
BRDA:117,8,0,0
BRDA:117,8,1,0
BRDA:121,9,0,0
BRDA:121,9,1,0
BRDA:123,10,0,0
BRDA:123,10,1,0
BRDA:134,11,0,0
BRDA:134,11,1,0
BRDA:152,12,0,0
BRDA:152,12,1,0
BRDA:157,13,0,0
BRDA:157,13,1,0
BRF:28
BRH:0
end_of_record
TN:
SF:/Users/marine/Documents/MAKESENSE/makesense_design-system/src/system/components/molecules/Sidebar.vue
FN:42,(anonymous_1)
FNF:1
FNH:0
FNDA:0,(anonymous_1)
DA:48,0
LF:1
LH:0
BRF:0
BRH:0
end_of_record
TN:
SF:/Users/marine/Documents/MAKESENSE/makesense_design-system/src/system/icons/index.js
FN:2,(anonymous_0)
FN:7,(anonymous_4)
FNF:2
FNH:0
FNDA:0,(anonymous_0)
FNDA:0,(anonymous_4)
DA:2,0
DA:4,0
DA:5,0
DA:7,0
DA:8,0
DA:9,0
DA:10,0
DA:11,0
LF:8
LH:0
BRF:0
BRH:0
end_of_record
TN:
SF:/Users/marine/Documents/MAKESENSE/makesense_design-system/src/system/mixins/index.js
FNF:0
FNH:0
DA:1,0
LF:1
LH:0
BRF:0
BRH:0
end_of_record
TN:
SF:/Users/marine/Documents/MAKESENSE/makesense_design-system/src/system/mixins/media-query.js
FN:8,updateWindowSize
FN:22,initListener
FN:56,(anonymous_2)
FNF:3
FNH:0
FNDA:0,updateWindowSize
FNDA:0,initListener
FNDA:0,(anonymous_2)
DA:1,0
DA:3,0
DA:9,0
DA:14,0
DA:20,0
DA:23,0
DA:24,0
DA:26,0
DA:27,0
DA:28,0
DA:29,0
DA:31,0
DA:33,0
DA:34,0
DA:43,0
DA:49,0
DA:50,0
DA:51,0
DA:53,0
DA:54,0
DA:57,0
DA:58,0
DA:59,0
DA:60,0
DA:63,0
LF:25
LH:0
BRDA:10,0,0,0
BRDA:10,0,1,0
BRDA:10,0,2,0
BRDA:15,1,0,0
BRDA:15,1,1,0
BRDA:15,1,2,0
BRDA:23,2,0,0
BRDA:23,2,1,0
BRDA:27,3,0,0
BRDA:27,3,1,0
BRDA:27,4,0,0
BRDA:27,4,1,0
BRDA:50,5,0,0
BRDA:50,5,1,0
BRDA:50,6,0,0
BRDA:50,6,1,0
BRDA:58,7,0,0
BRDA:58,7,1,0
BRDA:58,8,0,0
BRDA:58,8,1,0
BRF:20
BRH:0
end_of_record
TN:
SF:/Users/marine/Documents/MAKESENSE/makesense_design-system/src/system/plugins/filters.js
FNF:0
FNH:0
DA:1,0
DA:2,0
DA:3,0
DA:7,0
DA:8,0
DA:9,0
LF:6
LH:0
BRF:0
BRH:0
end_of_record
TN:
SF:/Users/marine/Documents/MAKESENSE/makesense_design-system/src/system/plugins/index.js
FNF:0
FNH:0
DA:1,0
DA:2,0
DA:3,0
DA:7,0
DA:8,0
DA:9,0
LF:6
LH:0
BRF:0
BRH:0
end_of_record
TN:
SF:/Users/marine/Documents/MAKESENSE/makesense_design-system/src/system/plugins/themer.js
FN:7,(anonymous_0)
FN:22,(anonymous_1)
FN:28,(anonymous_2)
FNF:3
FNH:0
FNDA:0,(anonymous_0)
FNDA:0,(anonymous_1)
FNDA:0,(anonymous_2)
DA:1,0
DA:3,0
DA:7,0
DA:8,0
DA:9,0
DA:11,0
DA:13,0
DA:14,0
DA:16,0
DA:17,0
DA:22,0
DA:23,0
DA:24,0
DA:25,0
DA:27,0
DA:29,0
DA:32,0
DA:38,0
DA:39,0
LF:19
LH:0
BRDA:8,0,0,0
BRDA:8,0,1,0
BRDA:11,1,0,0
BRDA:11,1,1,0
BRDA:23,2,0,0
BRDA:23,2,1,0
BRDA:38,3,0,0
BRDA:38,3,1,0
BRF:8
BRH:0
end_of_record
TN:
SF:/Users/marine/Documents/MAKESENSE/makesense_design-system/src/system/plugins/utils.js
FNF:0
FNH:0
DA:1,0
DA:5,0
DA:8,0
LF:3
LH:0
BRF:0
BRH:0
end_of_record
TN:
SF:/Users/marine/Documents/MAKESENSE/makesense_design-system/src/system/tokens/index.js
FN:4,(anonymous_0)
FN:7,(anonymous_4)
FN:18,(anonymous_5)
FNF:3
FNH:0
FNDA:0,(anonymous_0)
FNDA:0,(anonymous_4)
FNDA:0,(anonymous_5)
DA:1,0
DA:2,0
DA:4,0
DA:5,0
DA:6,0
DA:7,0
DA:8,0
DA:9,0
DA:13,0
DA:14,0
DA:17,0
DA:19,0
DA:20,0
DA:21,0
DA:22,0
DA:23,0
DA:26,0
DA:28,0
DA:29,0
DA:30,0
LF:20
LH:0
BRDA:22,0,0,0
BRDA:22,0,1,0
BRF:2
BRH:0
end_of_record
TN:
SF:/Users/marine/Documents/MAKESENSE/makesense_design-system/src/system/utils/index.js
FN:4,(anonymous_0)
FNF:1
FNH:0
FNDA:0,(anonymous_0)
DA:1,0
DA:2,0
DA:4,0
DA:5,0
DA:6,0
LF:5
LH:0
BRDA:7,0,0,0
BRDA:7,0,1,0
BRF:2
BRH:0
end_of_record
